TN:
SF:lib/app/controller/data_controller.dart
FNF:0
FNH:0
DA:26,1
DA:27,2
DA:28,1
DA:29,2
DA:30,2
DA:33,1
DA:34,2
DA:35,2
DA:38,0
DA:39,0
DA:42,1
DA:43,3
DA:44,8
DA:45,0
DA:48,1
DA:51,0
DA:53,0
DA:55,1
DA:56,2
DA:57,2
DA:58,2
DA:61,0
DA:62,0
DA:64,0
DA:66,0
DA:67,0
DA:68,0
DA:69,0
DA:72,0
DA:76,0
DA:77,0
DA:81,0
DA:83,0
DA:85,0
DA:86,0
DA:87,0
DA:88,0
DA:94,0
DA:96,0
DA:97,0
DA:102,0
DA:106,1
DA:107,1
DA:109,3
DA:110,2
DA:112,1
DA:113,1
DA:118,0
DA:133,0
DA:138,0
DA:140,0
DA:144,0
DA:150,0
DA:151,0
DA:155,0
DA:157,0
DA:159,0
DA:162,0
DA:163,0
DA:165,0
DA:168,0
DA:172,0
DA:173,0
DA:179,1
DA:180,2
DA:182,0
DA:184,0
DA:187,0
DA:188,0
DA:190,0
DA:192,0
DA:195,0
DA:197,0
DA:199,0
DA:201,0
DA:206,0
DA:209,0
DA:210,0
DA:211,0
DA:214,0
DA:215,0
DA:216,0
DA:217,0
DA:220,9
DA:224,0
DA:227,0
DA:233,0
DA:235,0
DA:237,0
LF:89
LH:25
end_of_record
TN:
SF:lib/app/controller/keyboard_controller.dart
FNF:0
FNH:0
DA:9,0
DA:12,0
DA:13,0
DA:16,1
DA:18,1
DA:20,1
DA:23,1
DA:28,0
DA:30,0
DA:31,0
DA:32,0
DA:34,0
DA:35,0
DA:39,0
DA:40,0
DA:44,0
DA:45,0
DA:50,0
DA:51,0
LF:19
LH:4
end_of_record
TN:
SF:lib/app/controller/preferences_controller.dart
FNF:0
FNH:0
DA:42,2
DA:44,2
DA:45,2
DA:46,2
DA:47,0
DA:48,0
DA:51,2
DA:52,2
DA:57,0
DA:58,0
DA:60,0
DA:61,0
DA:64,0
DA:65,0
DA:72,3
DA:75,0
DA:76,0
DA:77,0
DA:81,0
DA:82,0
DA:86,1
DA:87,2
DA:91,0
DA:92,0
DA:96,1
DA:97,2
DA:101,1
DA:102,2
DA:106,1
DA:107,3
DA:110,1
DA:111,6
DA:116,3
DA:118,0
DA:119,0
DA:120,0
DA:123,3
DA:125,1
DA:126,2
DA:127,1
DA:130,2
DA:131,3
DA:132,1
DA:133,2
DA:136,2
DA:138,1
DA:139,2
DA:140,1
DA:143,1
DA:150,2
DA:151,2
DA:154,2
DA:155,2
DA:159,1
DA:162,1
DA:163,5
DA:164,3
DA:165,3
DA:166,3
DA:167,3
DA:169,5
DA:170,3
DA:174,1
DA:175,2
DA:179,1
DA:180,2
DA:184,1
DA:185,2
DA:189,1
DA:190,2
DA:193,0
DA:197,0
DA:200,0
DA:204,0
DA:208,1
DA:213,0
DA:214,0
DA:216,2
DA:221,1
DA:222,1
DA:223,1
DA:225,2
DA:230,1
DA:231,2
DA:234,3
DA:236,1
DA:237,2
DA:238,2
DA:241,9
DA:246,0
DA:247,0
DA:248,0
DA:249,0
DA:251,0
DA:255,0
DA:256,0
DA:257,0
DA:261,0
LF:98
LH:65
end_of_record
TN:
SF:lib/app/controller/selection_controller.dart
FNF:0
FNH:0
DA:7,1
DA:8,2
DA:9,1
DA:16,1
DA:17,2
DA:18,1
DA:20,2
DA:24,0
DA:25,0
DA:28,1
DA:29,2
DA:30,4
DA:31,1
DA:35,1
DA:36,2
DA:37,4
DA:41,1
DA:42,2
DA:43,2
DA:44,2
DA:46,1
DA:49,0
DA:52,0
DA:53,0
DA:54,0
DA:56,0
LF:26
LH:19
end_of_record
TN:
SF:lib/app/controller/theme_controller.dart
FNF:0
FNH:0
DA:17,2
DA:19,2
DA:20,2
DA:26,1
DA:27,2
DA:30,1
DA:31,4
DA:34,1
DA:35,1
DA:38,2
DA:39,6
DA:40,4
DA:42,4
DA:43,4
DA:44,1
DA:47,1
DA:48,4
DA:49,4
DA:52,1
DA:53,3
DA:54,1
DA:64,3
DA:65,2
DA:66,2
DA:72,1
DA:73,3
DA:74,1
DA:84,3
DA:85,2
DA:86,2
DA:92,1
DA:93,3
DA:94,1
DA:104,3
DA:105,2
DA:106,2
DA:112,1
DA:113,2
DA:114,1
DA:115,3
DA:122,1
DA:123,2
DA:124,4
DA:125,1
DA:126,1
DA:129,1
DA:130,4
DA:133,1
DA:135,3
DA:136,0
DA:139,1
DA:140,3
DA:146,1
DA:148,3
DA:149,0
DA:151,1
DA:152,3
DA:158,9
DA:160,1
DA:161,4
DA:162,4
DA:163,1
DA:164,1
DA:168,1
DA:169,4
DA:170,3
LF:66
LH:64
end_of_record
TN:
SF:lib/app/core/bindings/application_bindings.dart
FNF:0
FNH:0
DA:4,1
LF:1
LH:1
end_of_record
TN:
SF:lib/app/core/helpers/accumulator.dart
FNF:0
FNH:0
DA:9,1
DA:10,2
DA:13,1
DA:14,2
DA:17,0
DA:18,0
DA:24,0
DA:32,1
DA:33,2
DA:34,2
DA:35,1
DA:38,3
DA:43,1
DA:44,3
DA:51,1
DA:52,3
DA:55,1
DA:56,2
DA:64,1
DA:65,2
DA:68,1
DA:69,2
DA:72,2
DA:73,4
DA:75,4
DA:76,6
DA:78,4
DA:82,1
DA:83,3
DA:86,0
DA:90,0
DA:91,0
DA:96,0
DA:106,1
DA:107,2
DA:111,2
DA:112,2
DA:120,1
DA:121,2
DA:124,1
DA:125,2
DA:128,1
DA:129,2
DA:130,3
DA:132,4
DA:136,0
DA:137,0
DA:140,1
DA:141,2
DA:149,1
DA:150,2
DA:153,1
DA:154,2
DA:157,1
DA:158,7
DA:159,1
DA:162,1
DA:163,2
DA:172,1
DA:173,2
DA:174,3
DA:176,3
DA:179,1
DA:180,2
DA:189,1
DA:190,2
DA:191,3
DA:193,3
DA:203,1
DA:204,2
DA:205,1
DA:208,0
DA:209,0
DA:223,1
DA:224,1
DA:225,2
DA:227,3
DA:228,2
DA:229,2
DA:233,5
DA:235,5
DA:237,1
DA:238,2
DA:239,2
DA:241,5
DA:244,1
DA:245,2
DA:249,0
DA:251,3
LF:89
LH:77
end_of_record
TN:
SF:lib/app/core/helpers/chart_helper.dart
FNF:0
FNH:0
DA:5,1
DA:6,5
DA:9,3
DA:11,2
DA:12,5
DA:15,1
DA:20,1
DA:22,1
DA:23,1
DA:24,1
DA:25,1
DA:32,1
LF:12
LH:12
end_of_record
TN:
SF:lib/app/core/helpers/color_helper.dart
FNF:0
FNH:0
DA:33,1
DA:35,2
DA:38,1
DA:39,1
DA:42,1
DA:45,2
DA:56,1
DA:57,1
DA:58,1
DA:59,2
DA:62,1
DA:64,2
DA:75,1
DA:76,1
DA:77,2
DA:78,1
DA:81,1
DA:83,2
DA:87,0
DA:89,0
DA:92,0
DA:95,0
DA:98,0
DA:111,1
DA:115,1
DA:116,2
DA:120,1
DA:121,1
DA:122,1
DA:124,1
DA:125,1
DA:128,1
DA:140,2
DA:141,6
DA:144,2
DA:145,3
DA:147,2
DA:148,1
DA:150,2
DA:151,1
DA:153,2
DA:154,1
DA:155,2
DA:156,1
DA:157,2
DA:158,2
DA:162,0
DA:163,0
DA:168,0
DA:183,1
DA:188,3
DA:189,3
DA:190,3
DA:191,3
DA:192,1
DA:193,0
DA:196,0
DA:198,1
DA:209,2
DA:211,18
DA:214,2
DA:229,1
DA:230,2
DA:231,2
DA:232,1
DA:234,2
DA:235,3
DA:240,3
DA:241,6
DA:253,1
DA:254,1
DA:255,4
DA:259,2
DA:261,2
DA:264,2
DA:265,2
DA:267,2
DA:271,0
DA:273,0
DA:276,0
DA:281,3
DA:282,6
DA:285,3
DA:286,3
DA:289,0
DA:290,0
DA:291,0
DA:305,1
DA:307,2
DA:308,2
DA:309,2
DA:312,1
DA:315,2
DA:320,2
DA:321,1
DA:323,2
DA:324,1
DA:326,2
DA:332,2
DA:333,2
DA:334,1
DA:336,2
DA:337,1
DA:339,2
LF:104
LH:88
end_of_record
TN:
SF:lib/app/core/helpers/date_helper.dart
FNF:0
FNH:0
DA:3,2
DA:4,2
DA:5,2
DA:6,2
DA:7,2
DA:9,2
DA:11,4
DA:12,4
DA:13,4
DA:14,4
DA:15,4
DA:16,2
DA:17,2
DA:18,2
DA:28,1
DA:29,2
DA:32,2
DA:33,2
DA:35,2
DA:36,4
DA:38,4
DA:39,2
DA:45,1
DA:52,2
DA:53,4
DA:55,4
DA:56,2
DA:87,2
DA:89,2
DA:100,4
DA:101,4
DA:103,4
DA:104,4
DA:105,4
DA:106,4
DA:107,4
DA:108,4
DA:115,1
DA:118,3
DA:139,2
DA:146,2
DA:149,1
DA:151,2
DA:156,2
DA:160,4
DA:174,1
DA:179,2
DA:191,1
DA:198,1
DA:210,1
DA:217,1
DA:223,2
DA:227,4
DA:228,4
DA:229,4
DA:230,3
DA:231,2
DA:232,2
DA:235,1
DA:252,2
DA:257,2
DA:258,2
DA:260,4
DA:261,2
DA:262,2
DA:263,1
DA:264,1
DA:266,2
DA:267,2
DA:268,1
DA:269,3
DA:271,4
DA:273,4
DA:274,2
DA:275,2
DA:276,1
DA:277,2
DA:279,3
DA:281,4
DA:282,4
DA:283,4
DA:284,4
DA:285,4
DA:286,4
DA:297,10
DA:299,2
DA:304,5
DA:307,1
DA:317,9
LF:89
LH:89
end_of_record
TN:
SF:lib/app/core/helpers/default_values.dart
FNF:0
FNH:0
DA:11,1
DA:26,1
DA:27,0
DA:40,1
DA:54,1
DA:68,1
DA:82,1
LF:7
LH:6
end_of_record
TN:
SF:lib/app/core/helpers/file_systems.dart
FNF:0
FNH:0
DA:7,0
DA:8,0
DA:10,0
DA:11,0
DA:19,1
DA:20,2
DA:23,0
DA:24,0
DA:25,0
DA:30,0
DA:33,0
DA:34,0
DA:36,0
DA:38,0
DA:40,0
DA:46,0
DA:47,0
DA:50,0
DA:51,0
DA:54,0
DA:56,0
DA:57,0
DA:58,0
DA:59,0
DA:67,1
DA:68,1
DA:71,0
DA:72,0
DA:75,2
DA:77,0
DA:80,0
DA:81,0
DA:82,0
DA:87,0
DA:92,0
DA:93,0
DA:97,0
DA:101,0
DA:103,0
DA:104,0
DA:107,0
LF:41
LH:5
end_of_record
TN:
SF:lib/app/core/helpers/json_helper.dart
FNF:0
FNH:0
DA:7,1
DA:8,1
DA:11,2
DA:13,3
DA:15,1
DA:23,1
DA:24,1
DA:25,2
DA:27,1
DA:32,1
DA:33,1
DA:35,2
DA:36,1
DA:37,1
DA:38,2
DA:47,1
DA:48,1
DA:49,3
DA:50,3
DA:59,1
DA:63,1
DA:68,1
DA:82,4
DA:86,4
DA:88,4
DA:93,4
DA:99,2
DA:103,2
DA:108,1
DA:109,1
DA:111,1
DA:112,0
DA:120,4
DA:121,4
DA:126,4
DA:129,0
DA:135,3
DA:139,3
DA:152,1
DA:153,1
DA:154,1
DA:159,0
DA:160,0
DA:163,0
DA:164,0
DA:168,2
DA:169,2
DA:170,2
DA:171,4
DA:172,1
DA:173,2
DA:174,1
DA:175,1
LF:53
LH:47
end_of_record
TN:
SF:lib/app/core/helpers/list_helper.dart
FNF:0
FNH:0
DA:32,2
DA:34,2
DA:35,1
DA:39,6
DA:42,2
DA:45,4
DA:46,6
DA:79,2
DA:81,2
DA:84,4
DA:86,4
DA:123,1
DA:125,4
DA:128,2
DA:129,3
DA:130,1
DA:131,1
DA:132,1
DA:134,1
DA:139,1
DA:140,1
DA:141,1
DA:143,2
DA:144,3
DA:149,3
DA:150,0
DA:151,0
DA:153,1
DA:154,1
DA:156,2
DA:157,1
DA:158,1
DA:161,1
DA:165,1
DA:169,1
DA:170,1
DA:171,4
DA:176,1
DA:177,3
DA:180,1
DA:181,2
DA:184,0
DA:185,0
DA:186,0
DA:191,2
DA:202,0
DA:207,2
DA:213,0
DA:215,1
DA:219,2
DA:221,3
DA:223,6
DA:227,2
DA:229,2
DA:231,1
DA:236,1
DA:241,1
DA:247,1
DA:252,6
DA:255,0
DA:256,0
DA:258,0
DA:260,0
DA:265,3
DA:270,1
DA:275,7
DA:278,0
DA:279,0
DA:281,0
DA:282,0
DA:286,1
DA:292,0
DA:297,0
DA:300,0
DA:301,0
DA:303,0
DA:304,0
DA:307,1
DA:308,6
DA:312,1
DA:313,1
DA:314,1
DA:315,0
DA:317,3
LF:84
LH:62
end_of_record
TN:
SF:lib/app/core/helpers/misc_helpers.dart
FNF:0
FNH:0
DA:11,0
DA:17,3
DA:18,3
DA:19,3
DA:25,2
DA:28,1
DA:31,2
DA:34,1
DA:35,2
DA:36,1
DA:37,1
DA:38,2
DA:42,1
DA:46,1
DA:47,0
DA:52,1
DA:56,2
DA:57,1
DA:58,1
DA:59,1
DA:65,1
DA:66,2
DA:69,1
DA:70,2
DA:73,1
DA:74,2
DA:78,2
DA:79,2
DA:80,8
DA:90,2
DA:91,2
DA:92,0
DA:94,4
DA:95,6
DA:99,1
DA:100,2
DA:105,1
DA:106,1
DA:107,1
DA:115,1
DA:116,1
DA:117,0
DA:120,1
DA:121,1
DA:124,1
DA:125,1
DA:128,1
DA:129,1
DA:132,1
DA:133,0
DA:136,1
DA:137,0
DA:140,1
DA:141,0
DA:146,1
DA:147,2
DA:148,1
DA:149,1
DA:155,1
DA:157,1
DA:159,1
DA:161,1
DA:165,2
DA:171,1
DA:172,2
DA:173,3
DA:178,0
DA:179,0
DA:185,0
DA:191,0
DA:192,0
DA:195,0
DA:196,0
DA:200,3
DA:201,6
DA:204,0
DA:205,0
DA:206,0
DA:207,0
LF:79
LH:61
end_of_record
TN:
SF:lib/app/core/helpers/ranges.dart
FNF:0
FNH:0
DA:5,7
DA:7,2
DA:8,2
DA:9,2
DA:10,6
DA:17,0
DA:19,0
DA:22,3
DA:23,3
DA:24,3
DA:27,1
DA:28,2
DA:33,3
DA:36,2
DA:41,1
DA:44,1
DA:45,1
DA:46,2
DA:47,1
DA:53,1
DA:54,2
DA:57,1
DA:58,1
DA:62,8
DA:65,1
DA:66,1
DA:67,2
DA:68,1
DA:74,3
DA:75,6
DA:76,6
DA:78,6
DA:79,9
DA:83,1
DA:84,2
DA:87,2
DA:89,2
DA:90,2
DA:92,8
DA:93,1
DA:96,6
DA:97,2
DA:102,1
DA:103,4
DA:106,1
DA:110,4
DA:113,1
DA:116,1
DA:117,6
DA:120,1
DA:121,2
DA:122,1
DA:124,1
DA:127,1
DA:128,6
DA:131,1
DA:141,1
DA:146,0
DA:148,0
DA:152,0
DA:153,0
DA:154,0
DA:155,0
DA:159,6
DA:161,6
DA:164,0
DA:165,0
DA:166,0
DA:167,0
DA:171,1
DA:172,2
DA:173,1
DA:175,2
DA:176,1
DA:181,7
DA:184,5
DA:187,0
DA:188,0
DA:189,0
DA:192,1
DA:193,1
LF:81
LH:66
end_of_record
TN:
SF:lib/app/core/helpers/string_helper.dart
FNF:0
FNH:0
DA:9,2
DA:10,4
DA:11,0
DA:15,6
DA:16,4
DA:17,2
DA:23,1
DA:24,1
DA:26,3
DA:29,2
DA:30,2
DA:36,1
DA:37,1
DA:40,3
DA:41,3
DA:42,9
DA:45,1
DA:46,1
DA:47,1
DA:50,2
DA:55,2
DA:58,2
DA:61,0
DA:62,0
DA:64,0
DA:69,1
DA:70,1
DA:73,2
DA:74,1
DA:77,1
DA:81,1
DA:82,1
DA:85,1
DA:86,6
DA:89,1
DA:90,4
DA:93,3
DA:94,2
DA:106,3
DA:107,3
DA:108,3
DA:109,3
DA:112,8
DA:113,2
DA:115,14
DA:117,1
DA:118,1
DA:119,2
DA:121,2
DA:123,4
DA:124,2
DA:125,4
DA:127,2
DA:128,2
DA:129,1
DA:130,1
DA:131,1
DA:135,2
DA:140,5
DA:141,4
DA:142,2
DA:149,3
DA:154,12
DA:157,1
DA:158,2
DA:161,1
DA:167,2
DA:170,3
DA:175,3
DA:176,6
DA:177,3
DA:178,6
DA:179,9
DA:185,3
DA:190,3
DA:191,6
DA:194,1
DA:195,2
DA:198,3
DA:202,2
DA:203,2
DA:204,2
DA:206,10
DA:211,1
DA:213,1
DA:216,1
DA:221,1
DA:222,2
DA:223,2
DA:228,1
DA:229,2
DA:230,5
DA:232,0
DA:235,1
DA:236,3
DA:239,4
DA:240,4
DA:244,4
DA:245,4
DA:247,4
DA:249,6
DA:250,15
DA:251,3
DA:256,3
DA:259,0
DA:260,0
DA:261,0
DA:263,0
DA:266,0
DA:267,0
DA:268,0
DA:270,0
DA:273,1
DA:279,1
DA:284,1
DA:287,1
DA:290,2
DA:294,1
DA:296,1
DA:297,0
DA:302,4
DA:303,4
DA:304,4
DA:305,4
DA:306,4
DA:309,8
DA:311,7
DA:312,8
DA:319,1
DA:320,1
DA:321,1
DA:324,2
DA:325,2
DA:328,1
DA:329,1
DA:336,3
DA:337,3
DA:338,5
DA:339,2
DA:340,2
DA:341,2
DA:346,3
DA:347,3
DA:348,3
DA:349,3
DA:350,1
DA:354,3
DA:359,2
DA:360,10
DA:363,1
DA:364,3
DA:367,1
DA:368,3
DA:371,1
DA:372,2
LF:155
LH:141
end_of_record
TN:
SF:lib/app/core/helpers/value_parser.dart
FNF:0
FNH:0
DA:14,8
DA:26,0
DA:28,0
DA:31,2
DA:32,10
DA:35,2
DA:36,8
DA:39,2
DA:40,2
DA:43,1
DA:44,2
DA:45,1
DA:48,3
DA:50,0
DA:53,3
DA:54,1
DA:57,1
DA:58,2
DA:59,1
DA:62,1
DA:64,2
DA:67,2
DA:68,1
DA:71,1
DA:72,2
DA:73,1
DA:75,2
DA:80,2
DA:87,1
DA:88,1
DA:102,0
DA:104,0
DA:107,1
DA:108,2
DA:110,3
DA:111,2
DA:113,1
DA:116,2
DA:117,2
DA:118,4
DA:119,6
DA:124,2
DA:129,4
DA:131,2
DA:132,10
DA:133,1
DA:134,1
DA:135,2
DA:136,2
DA:139,1
DA:140,1
DA:141,2
DA:142,2
DA:155,2
DA:166,2
DA:167,4
DA:170,1
DA:176,1
DA:177,2
DA:178,1
DA:179,2
DA:180,1
DA:181,2
DA:184,1
DA:185,1
DA:186,1
DA:189,2
DA:190,5
DA:195,2
DA:202,2
DA:203,14
DA:207,2
DA:209,2
DA:210,1
DA:213,2
DA:214,0
DA:217,2
DA:218,1
DA:219,1
DA:224,2
DA:225,8
DA:226,4
DA:229,2
DA:231,2
DA:232,2
DA:233,2
DA:237,2
DA:238,2
DA:242,2
DA:243,2
DA:244,2
DA:245,2
DA:247,2
DA:251,0
DA:252,0
DA:254,0
DA:255,0
DA:256,0
DA:257,0
DA:258,0
DA:259,0
DA:261,0
DA:263,0
DA:266,0
DA:268,0
DA:277,0
DA:278,0
DA:279,0
DA:282,2
DA:287,4
DA:289,2
DA:291,2
DA:293,2
DA:298,6
DA:302,2
DA:303,2
DA:304,4
DA:305,4
DA:312,1
DA:313,1
DA:314,2
DA:315,1
DA:316,3
DA:323,1
DA:327,2
DA:328,1
DA:332,1
DA:333,1
DA:334,2
DA:335,3
DA:340,1
DA:341,1
DA:342,2
DA:343,3
DA:348,1
DA:349,1
DA:350,2
DA:351,3
DA:356,2
DA:357,4
DA:360,1
DA:361,1
DA:365,2
DA:367,2
DA:370,1
DA:372,1
DA:375,2
DA:376,10
DA:380,1
DA:386,3
DA:388,3
LF:151
LH:130
end_of_record
TN:
SF:lib/app/core/widgets/box.dart
FNF:0
FNH:0
DA:8,3
DA:21,25
DA:35,3
DA:37,5
DA:39,9
DA:44,0
DA:48,3
DA:50,3
DA:51,3
DA:52,3
DA:53,3
DA:55,6
DA:56,3
DA:57,3
DA:58,3
DA:60,3
DA:61,3
DA:63,3
DA:64,3
DA:66,3
DA:69,3
DA:71,10
DA:72,3
DA:73,1
DA:76,1
DA:78,3
DA:79,1
DA:82,1
DA:88,1
DA:89,1
DA:92,1
DA:96,1
DA:101,1
DA:102,1
DA:106,1
DA:107,1
DA:110,1
DA:114,2
DA:115,1
DA:116,1
DA:117,1
DA:118,2
DA:127,1
DA:128,1
DA:131,1
DA:133,0
DA:134,0
DA:141,1
DA:146,1
DA:147,1
DA:148,2
DA:150,1
DA:151,1
DA:156,1
DA:157,1
DA:159,1
DA:164,1
DA:169,1
DA:171,1
DA:172,2
DA:174,1
DA:177,1
DA:178,1
DA:180,1
LF:64
LH:61
end_of_record
TN:
SF:lib/app/core/widgets/center_message.dart
FNF:0
FNH:0
DA:8,51
DA:10,0
DA:14,2
DA:21,3
DA:23,3
DA:24,3
DA:27,3
DA:28,3
DA:29,3
DA:31,3
DA:32,3
DA:33,6
DA:35,3
DA:36,0
DA:38,0
LF:15
LH:12
end_of_record
TN:
SF:lib/app/core/widgets/chart.dart
FNF:0
FNH:0
DA:12,1
DA:13,1
DA:15,1
DA:16,1
DA:17,1
DA:19,1
DA:20,1
DA:26,1
DA:27,2
DA:30,1
DA:31,1
DA:32,1
DA:38,1
DA:39,1
DA:45,1
DA:58,1
DA:60,2
DA:63,1
DA:68,4
DA:69,2
DA:70,3
DA:71,3
DA:72,1
DA:74,1
DA:75,1
DA:76,2
DA:77,2
DA:82,1
DA:85,1
DA:86,1
DA:87,3
DA:88,6
DA:91,1
DA:92,1
DA:103,1
DA:104,1
DA:107,1
DA:112,1
DA:114,1
DA:115,1
DA:116,1
DA:121,1
DA:123,1
DA:124,0
DA:126,0
DA:132,0
DA:133,0
DA:134,0
DA:139,0
DA:143,0
DA:145,0
DA:146,0
DA:147,0
DA:149,0
DA:150,0
DA:151,0
DA:163,0
DA:164,0
DA:166,1
DA:167,1
DA:170,1
DA:171,4
DA:181,1
LF:63
LH:48
end_of_record
TN:
SF:lib/app/core/widgets/charts/my_line_chart.dart
FNF:0
FNH:0
DA:10,1
DA:23,1
DA:25,1
DA:26,1
DA:27,1
DA:28,3
DA:31,1
DA:34,1
DA:35,1
DA:37,1
DA:41,1
DA:42,1
DA:44,1
DA:45,1
DA:46,4
DA:49,2
DA:50,1
DA:51,1
DA:59,1
DA:60,1
DA:61,1
DA:64,0
DA:65,0
DA:66,0
DA:67,0
DA:68,0
DA:71,0
DA:82,1
DA:83,2
LF:29
LH:23
end_of_record
TN:
SF:lib/app/core/widgets/circle.dart
FNF:0
FNH:0
DA:5,1
DA:18,1
DA:20,1
DA:21,1
DA:23,1
DA:24,1
DA:25,1
DA:26,1
LF:8
LH:8
end_of_record
TN:
SF:lib/app/core/widgets/color_palette.dart
FNF:0
FNH:0
DA:37,1
DA:39,1
DA:41,1
DA:42,1
DA:45,1
DA:52,1
DA:59,1
DA:61,2
DA:62,2
DA:66,1
DA:68,2
DA:69,2
DA:73,1
DA:75,2
DA:76,2
DA:80,1
DA:82,2
DA:83,2
DA:87,1
DA:89,2
DA:90,2
DA:94,1
DA:96,2
DA:97,2
DA:101,1
DA:103,2
DA:104,2
DA:108,1
DA:110,2
DA:111,2
DA:115,1
DA:117,2
DA:118,2
DA:126,1
DA:133,1
DA:135,1
DA:137,1
DA:138,1
DA:141,1
DA:144,1
DA:146,1
DA:149,1
DA:150,1
DA:152,1
DA:153,1
DA:154,1
DA:159,1
DA:160,1
DA:162,3
DA:166,1
DA:168,3
LF:51
LH:51
end_of_record
TN:
SF:lib/app/core/widgets/color_picker.dart
FNF:0
FNH:0
DA:6,1
DA:15,1
DA:16,1
DA:26,0
DA:28,0
DA:29,0
DA:32,1
DA:34,1
DA:35,1
DA:38,1
DA:42,2
DA:43,0
DA:45,1
DA:46,1
DA:47,1
DA:48,1
DA:49,3
DA:53,1
DA:54,1
DA:55,1
DA:58,1
DA:59,1
DA:61,1
DA:62,1
DA:63,1
DA:64,1
DA:67,1
DA:68,3
DA:69,0
DA:70,0
DA:71,0
DA:72,0
DA:73,0
DA:75,0
DA:81,1
DA:83,1
DA:84,2
DA:85,1
DA:86,1
DA:90,4
DA:91,0
DA:92,0
DA:93,0
DA:94,0
DA:106,1
DA:107,3
DA:108,2
DA:109,2
DA:114,1
DA:128,1
DA:130,2
DA:133,1
DA:134,3
DA:135,1
DA:138,0
DA:145,1
DA:149,1
DA:151,1
DA:152,1
DA:153,1
DA:154,3
DA:155,3
DA:156,3
DA:160,3
DA:161,1
DA:164,0
LF:66
LH:50
end_of_record
TN:
SF:lib/app/core/widgets/columns/column_content_center.dart
FNF:0
FNH:0
DA:5,1
DA:10,1
DA:12,1
DA:13,1
DA:17,3
DA:18,2
DA:22,1
DA:25,1
DA:27,1
DA:28,1
DA:29,1
LF:11
LH:11
end_of_record
TN:
SF:lib/app/core/widgets/columns/column_footer_button.dart
FNF:0
FNH:0
DA:3,1
DA:11,1
DA:13,1
DA:14,1
DA:15,1
DA:20,1
DA:29,1
DA:34,1
DA:42,1
DA:45,1
DA:46,1
DA:55,1
DA:56,1
DA:57,1
LF:14
LH:14
end_of_record
TN:
SF:lib/app/core/widgets/columns/column_header_button.dart
FNF:0
FNH:0
DA:5,1
DA:15,1
DA:17,1
DA:18,3
DA:19,1
DA:20,1
DA:21,1
DA:26,1
DA:35,1
DA:39,1
DA:46,1
DA:53,1
DA:54,1
DA:56,1
DA:57,1
DA:58,1
DA:60,1
DA:61,1
DA:62,1
DA:67,5
DA:77,1
DA:79,1
DA:80,1
DA:85,5
DA:93,1
DA:97,1
DA:98,1
DA:99,1
DA:100,1
DA:105,1
DA:107,1
DA:108,1
DA:110,1
DA:116,1
DA:124,1
DA:131,1
DA:135,1
DA:136,1
DA:137,1
DA:138,1
DA:152,1
DA:157,1
LF:42
LH:42
end_of_record
TN:
SF:lib/app/core/widgets/columns/columns_input.dart
FNF:0
FNH:0
DA:10,1
DA:25,1
DA:26,1
DA:47,1
DA:49,2
DA:50,1
DA:51,2
DA:52,2
DA:53,2
DA:54,1
DA:57,1
DA:59,3
DA:61,1
DA:63,1
DA:66,1
DA:68,1
DA:70,1
DA:71,1
DA:72,1
DA:73,1
DA:84,1
DA:85,2
DA:86,1
DA:87,1
DA:89,1
DA:91,1
DA:94,1
DA:95,1
DA:97,1
DA:98,1
DA:100,1
DA:102,1
DA:113,1
DA:114,1
DA:115,1
DA:118,1
DA:125,1
DA:126,1
DA:129,1
DA:130,1
DA:132,1
DA:134,1
DA:138,1
DA:140,1
DA:142,1
DA:146,1
DA:148,1
DA:150,1
DA:159,1
DA:160,1
DA:161,2
DA:162,2
DA:163,2
DA:165,1
DA:166,1
DA:167,2
DA:170,1
DA:171,4
DA:172,4
DA:173,4
DA:174,1
DA:177,1
DA:178,3
DA:179,2
DA:182,1
DA:183,1
DA:184,2
DA:185,2
DA:186,2
DA:190,1
DA:191,5
DA:194,1
DA:195,3
DA:196,3
DA:197,3
DA:200,1
DA:201,3
DA:202,3
DA:203,3
DA:206,1
DA:207,3
DA:208,1
DA:212,1
DA:214,1
DA:215,1
DA:216,1
DA:220,1
DA:221,2
DA:223,1
DA:224,2
DA:225,2
DA:226,2
DA:228,1
DA:229,1
DA:230,2
DA:233,4
DA:234,4
DA:235,4
DA:240,1
DA:245,2
DA:246,2
DA:247,0
DA:250,2
DA:251,0
LF:104
LH:102
end_of_record
TN:
SF:lib/app/core/widgets/columns/footer_widgets.dart
FNF:0
FNH:0
DA:9,1
DA:10,1
DA:11,1
DA:12,2
DA:13,1
DA:19,1
DA:22,1
DA:23,3
DA:24,3
DA:25,1
DA:26,2
DA:37,1
DA:38,1
DA:39,1
DA:43,1
DA:44,4
DA:46,4
DA:49,1
DA:50,1
DA:51,1
DA:55,1
DA:56,5
DA:58,0
DA:61,1
DA:62,2
LF:25
LH:24
end_of_record
TN:
SF:lib/app/core/widgets/columns/input_values.dart
FNF:0
FNH:0
DA:12,1
DA:23,1
DA:25,3
DA:27,1
DA:29,1
DA:30,1
DA:33,4
DA:34,1
DA:36,1
DA:46,1
DA:47,1
DA:51,1
DA:52,1
DA:54,1
DA:55,1
DA:56,1
LF:16
LH:16
end_of_record
TN:
SF:lib/app/core/widgets/confirmation_dialog.dart
FNF:0
FNH:0
DA:6,1
DA:14,1
DA:18,1
DA:19,1
DA:21,1
DA:22,1
DA:23,2
DA:27,1
DA:30,0
DA:37,1
DA:48,1
DA:50,1
DA:51,1
DA:52,1
DA:55,1
DA:56,5
DA:57,1
DA:59,1
DA:60,1
DA:61,1
LF:20
LH:19
end_of_record
TN:
SF:lib/app/core/widgets/currency_label.dart
FNF:0
FNH:0
DA:5,1
DA:14,1
DA:16,3
DA:19,1
DA:21,1
DA:22,1
DA:23,1
DA:24,1
DA:26,1
DA:27,2
DA:28,1
DA:29,3
LF:12
LH:12
end_of_record
TN:
SF:lib/app/core/widgets/date_range_time_line.dart
FNF:0
FNH:0
DA:5,1
DA:16,1
DA:19,6
DA:20,2
DA:21,1
DA:23,1
DA:24,1
DA:25,1
DA:27,1
DA:29,1
DA:31,1
DA:33,4
DA:36,2
DA:39,4
DA:47,1
DA:48,1
DA:50,2
DA:51,1
DA:52,1
DA:55,1
DA:57,1
LF:21
LH:21
end_of_record
TN:
SF:lib/app/core/widgets/dialog/dialog.dart
FNF:0
FNH:0
DA:8,1
DA:23,1
DA:25,1
DA:26,4
DA:27,1
DA:28,1
DA:30,1
DA:31,3
DA:35,1
DA:42,1
DA:44,1
DA:49,1
DA:56,1
DA:62,1
DA:64,1
DA:67,1
DA:68,2
DA:74,1
DA:76,1
DA:78,1
DA:79,1
DA:81,1
DA:85,0
DA:93,1
DA:96,1
DA:97,1
LF:26
LH:25
end_of_record
TN:
SF:lib/app/core/widgets/dialog/dialog_button.dart
FNF:0
FNH:0
DA:8,1
DA:19,1
DA:21,1
DA:22,2
DA:23,1
DA:24,1
DA:25,1
DA:26,3
DA:27,1
DA:28,2
DA:32,1
DA:33,1
DA:39,1
DA:40,1
DA:48,1
DA:49,1
DA:51,1
DA:52,1
DA:59,1
DA:63,1
DA:65,1
DA:66,1
DA:73,1
DA:74,1
DA:75,0
DA:76,0
DA:83,1
DA:84,1
DA:86,1
DA:87,1
DA:94,1
DA:95,1
DA:97,1
DA:98,1
DA:105,1
DA:106,1
DA:108,1
DA:109,1
DA:116,1
DA:117,1
DA:118,3
DA:119,1
DA:120,1
DA:122,1
DA:124,1
DA:125,3
DA:126,1
DA:127,4
DA:133,1
DA:137,0
DA:138,0
DA:143,1
DA:150,1
DA:152,1
DA:155,1
DA:156,1
DA:157,2
DA:160,1
DA:162,1
LF:59
LH:55
end_of_record
TN:
SF:lib/app/core/widgets/dialog/dialog_full_screen.dart
FNF:0
FNH:0
DA:6,1
DA:17,1
DA:18,1
DA:22,1
DA:24,1
DA:26,1
DA:27,3
DA:29,1
DA:30,1
DA:31,1
DA:32,2
DA:34,3
DA:35,1
DA:41,2
DA:50,1
DA:54,1
DA:59,1
DA:62,1
DA:64,1
DA:66,2
DA:72,1
DA:77,1
DA:79,1
DA:81,1
LF:24
LH:24
end_of_record
TN:
SF:lib/app/core/widgets/dialog/dialog_mutate_money_object.dart
FNF:0
FNH:0
DA:8,1
DA:14,1
DA:17,1
DA:22,1
DA:28,1
DA:29,0
DA:34,2
DA:35,1
DA:38,2
DA:39,1
DA:41,1
DA:43,5
DA:45,1
DA:47,1
DA:48,1
DA:49,1
DA:51,2
DA:52,2
DA:53,2
DA:54,2
DA:58,2
DA:59,0
DA:67,1
DA:76,1
DA:77,1
DA:85,1
DA:87,1
DA:88,3
DA:91,1
DA:93,1
DA:95,1
DA:96,1
DA:97,1
DA:98,1
DA:100,2
DA:101,1
DA:102,2
DA:103,3
DA:110,1
DA:111,1
DA:113,1
DA:115,1
DA:122,1
DA:128,1
DA:130,1
DA:132,1
DA:133,2
DA:139,1
DA:141,1
DA:144,3
DA:146,2
LF:51
LH:49
end_of_record
TN:
SF:lib/app/core/widgets/dialog/dialog_single_text_input.dart
FNF:0
FNH:0
DA:7,1
DA:15,1
DA:17,1
DA:18,1
DA:19,1
DA:20,1
DA:21,1
DA:22,1
DA:25,1
DA:27,1
DA:28,1
DA:29,1
DA:32,0
DA:33,0
DA:37,1
DA:38,1
DA:39,1
DA:41,1
DA:47,1
DA:48,1
DA:49,1
DA:50,1
DA:51,0
DA:55,1
DA:56,0
DA:57,0
DA:58,0
DA:59,0
LF:28
LH:21
end_of_record
TN:
SF:lib/app/core/widgets/diff.dart
FNF:0
FNH:0
DA:3,1
DA:4,1
DA:6,1
DA:12,1
DA:13,1
DA:15,1
DA:21,1
DA:27,1
DA:30,1
LF:9
LH:9
end_of_record
TN:
SF:lib/app/core/widgets/distribution_bar.dart
FNF:0
FNH:0
DA:9,1
DA:23,1
DA:29,1
DA:31,2
DA:33,4
DA:35,1
DA:36,2
DA:37,4
DA:41,6
DA:43,1
DA:45,1
DA:47,1
DA:48,1
DA:49,1
DA:50,1
DA:55,1
DA:56,2
DA:57,1
DA:58,1
DA:60,2
DA:65,2
DA:66,1
DA:68,4
DA:69,1
DA:70,1
DA:71,1
DA:74,4
DA:75,1
DA:76,1
DA:84,2
DA:85,1
DA:87,1
DA:88,2
DA:89,1
DA:95,1
DA:101,1
DA:104,1
DA:106,1
DA:107,1
DA:109,1
DA:111,2
DA:117,1
DA:118,1
DA:119,1
DA:129,1
DA:130,1
DA:131,1
DA:132,1
DA:134,1
DA:135,1
DA:141,1
DA:142,1
DA:144,1
DA:148,1
DA:149,2
DA:150,1
DA:153,1
DA:154,1
DA:157,1
LF:59
LH:59
end_of_record
TN:
SF:lib/app/core/widgets/filter_input.dart
FNF:0
FNH:0
DA:6,1
DA:21,1
DA:23,1
DA:24,1
DA:27,1
DA:28,1
DA:29,2
DA:31,1
DA:33,3
DA:34,0
DA:35,0
LF:11
LH:9
end_of_record
TN:
SF:lib/app/core/widgets/form_field_switch.dart
FNF:0
FNH:0
DA:3,1
DA:7,1
DA:16,1
DA:22,1
DA:23,1
DA:24,1
DA:25,1
DA:26,1
DA:27,0
DA:28,0
DA:29,0
LF:11
LH:8
end_of_record
TN:
SF:lib/app/core/widgets/form_field_widget.dart
FNF:0
FNH:0
DA:6,1
DA:19,1
DA:20,1
DA:27,1
DA:29,1
DA:30,5
DA:33,1
DA:35,2
DA:36,1
DA:39,1
DA:40,6
DA:41,3
DA:45,1
DA:46,1
DA:47,1
DA:48,1
DA:49,1
DA:50,1
DA:51,2
DA:52,2
DA:54,0
DA:55,0
DA:56,0
LF:23
LH:20
end_of_record
TN:
SF:lib/app/core/widgets/gaps.dart
FNF:0
FNH:0
DA:3,2
DA:4,2
DA:10,1
DA:11,1
DA:14,1
DA:15,1
DA:18,1
DA:19,1
DA:22,2
DA:23,2
LF:10
LH:10
end_of_record
TN:
SF:lib/app/core/widgets/icon_button.dart
FNF:0
FNH:0
DA:4,1
DA:17,1
DA:18,1
DA:24,1
DA:26,1
DA:27,0
DA:28,0
DA:29,1
DA:31,1
DA:33,2
DA:34,1
DA:36,2
LF:12
LH:10
end_of_record
TN:
SF:lib/app/core/widgets/import_transactions_list_preview.dart
FNF:0
FNH:0
DA:15,1
DA:24,1
DA:25,1
DA:29,2
DA:30,1
DA:31,1
DA:32,1
DA:38,1
DA:40,1
DA:41,1
DA:42,2
DA:43,2
DA:47,1
DA:49,3
DA:50,1
DA:53,1
DA:57,1
DA:59,1
DA:60,2
DA:61,0
DA:62,0
DA:63,0
DA:65,1
DA:66,1
DA:70,1
DA:75,1
DA:76,1
DA:77,1
DA:78,3
DA:79,5
DA:86,1
DA:87,2
DA:89,1
DA:91,1
DA:92,1
DA:93,4
DA:98,1
DA:99,1
DA:100,7
DA:110,1
DA:111,3
DA:112,6
DA:113,4
DA:114,1
DA:115,3
DA:117,1
DA:120,1
DA:122,3
DA:123,3
DA:128,1
DA:129,1
DA:130,2
DA:131,1
DA:133,1
DA:134,2
DA:135,2
DA:137,3
DA:138,3
DA:139,3
DA:140,3
DA:142,0
DA:150,1
DA:154,1
DA:155,3
DA:157,1
DA:158,1
DA:159,2
DA:161,1
DA:170,1
DA:171,3
DA:172,3
DA:173,3
DA:175,1
DA:176,1
DA:177,1
DA:179,1
DA:180,1
DA:181,1
DA:182,1
DA:188,1
DA:189,5
DA:192,0
DA:193,0
DA:194,0
DA:195,0
DA:197,0
DA:199,0
LF:87
LH:77
end_of_record
TN:
SF:lib/app/core/widgets/info_banner.dart
FNF:0
FNH:0
DA:5,1
DA:12,0
DA:13,0
DA:20,0
DA:21,0
DA:28,1
DA:29,1
DA:40,1
DA:42,2
DA:44,1
DA:45,1
DA:46,1
DA:47,1
DA:50,1
DA:51,1
DA:52,2
DA:54,1
DA:55,1
DA:56,1
DA:57,1
LF:20
LH:16
end_of_record
TN:
SF:lib/app/core/widgets/info_panel/info_panel.dart
FNF:0
FNH:0
DA:9,1
DA:40,1
DA:42,1
DA:44,1
DA:45,2
DA:46,1
DA:47,3
DA:48,3
DA:49,3
DA:56,1
DA:57,1
DA:58,1
DA:63,1
DA:65,1
DA:66,1
DA:67,1
DA:68,1
DA:71,1
DA:72,1
DA:75,2
DA:76,1
DA:79,1
DA:80,1
DA:83,1
DA:85,1
DA:86,1
DA:87,2
DA:88,1
LF:28
LH:28
end_of_record
TN:
SF:lib/app/core/widgets/info_panel/info_panel_header.dart
FNF:0
FNH:0
DA:11,1
DA:38,1
DA:40,1
DA:41,1
DA:45,1
DA:46,0
DA:47,0
DA:49,1
DA:51,1
DA:53,1
DA:54,1
DA:55,1
DA:57,4
DA:58,1
DA:59,1
DA:68,1
DA:69,2
DA:72,2
DA:76,3
DA:77,3
DA:80,1
DA:81,1
DA:82,1
DA:84,3
DA:86,1
DA:88,3
DA:91,1
DA:92,0
DA:93,0
DA:98,1
DA:99,1
DA:101,1
DA:102,3
DA:104,2
DA:109,1
DA:110,3
DA:112,1
DA:113,1
DA:114,1
DA:119,1
DA:124,1
DA:130,2
DA:131,1
DA:132,1
DA:133,0
DA:135,2
DA:136,1
LF:47
LH:42
end_of_record
TN:
SF:lib/app/core/widgets/label_and_amount.dart
FNF:0
FNH:0
DA:9,1
DA:22,1
DA:24,1
DA:25,1
DA:26,1
DA:27,1
DA:28,1
DA:29,5
DA:32,1
DA:33,1
DA:34,1
DA:35,1
DA:46,1
DA:57,1
DA:59,1
DA:60,1
DA:61,1
DA:62,1
DA:63,1
DA:64,3
DA:67,1
DA:68,1
LF:22
LH:22
end_of_record
TN:
SF:lib/app/core/widgets/message_box.dart
FNF:0
FNH:0
DA:5,0
DA:9,0
DA:11,0
DA:12,0
DA:13,0
DA:14,0
DA:15,0
DA:17,0
DA:19,0
DA:27,0
DA:29,0
DA:34,0
DA:36,0
DA:37,0
DA:38,0
DA:39,0
DA:40,0
DA:41,0
DA:42,0
DA:43,0
DA:44,0
DA:46,0
DA:47,0
LF:23
LH:0
end_of_record
TN:
SF:lib/app/core/widgets/mini_timeline_daily.dart
FNF:0
FNH:0
DA:11,1
DA:34,1
DA:36,1
DA:37,1
DA:38,4
DA:41,1
DA:42,2
DA:46,2
DA:47,3
DA:49,2
DA:51,1
DA:52,2
DA:53,2
DA:55,1
DA:56,1
DA:57,4
DA:58,1
DA:59,3
DA:60,1
DA:61,3
DA:63,5
DA:69,1
LF:22
LH:22
end_of_record
TN:
SF:lib/app/core/widgets/mini_timeline_twelve_months.dart
FNF:0
FNH:0
DA:9,1
DA:18,1
DA:20,1
DA:21,1
DA:22,1
DA:24,2
DA:26,2
DA:27,3
DA:30,2
DA:31,2
DA:32,3
DA:33,1
DA:34,1
DA:36,1
DA:37,4
DA:43,1
DA:44,1
DA:45,1
DA:46,1
DA:56,1
DA:58,1
DA:59,1
DA:60,1
DA:61,1
DA:62,1
DA:63,1
DA:64,1
DA:65,1
DA:66,1
DA:67,1
DA:68,1
DA:69,1
DA:70,1
DA:79,1
DA:80,1
LF:35
LH:35
end_of_record
TN:
SF:lib/app/core/widgets/money_widget.dart
FNF:0
FNH:0
DA:10,2
DA:21,2
DA:23,4
DA:24,0
DA:25,0
DA:26,0
DA:28,0
DA:32,2
DA:36,2
DA:37,4
DA:39,2
DA:41,6
DA:42,5
DA:46,2
DA:47,2
DA:48,4
DA:51,2
DA:52,2
DA:54,4
DA:58,4
DA:60,2
DA:63,2
DA:65,2
DA:66,2
DA:69,2
LF:25
LH:21
end_of_record
TN:
SF:lib/app/core/widgets/my_banner.dart
FNF:0
FNH:0
DA:6,1
DA:15,1
DA:17,1
DA:19,1
DA:20,3
DA:21,1
DA:22,1
DA:23,3
DA:24,1
LF:9
LH:9
end_of_record
TN:
SF:lib/app/core/widgets/my_segment.dart
FNF:0
FNH:0
DA:4,2
DA:11,2
DA:17,6
DA:19,2
DA:20,1
DA:21,2
LF:6
LH:6
end_of_record
TN:
SF:lib/app/core/widgets/my_text_input.dart
FNF:0
FNH:0
DA:4,1
DA:13,1
DA:15,1
DA:31,1
DA:33,1
DA:34,1
DA:35,1
DA:36,1
DA:37,1
DA:38,1
LF:10
LH:10
end_of_record
TN:
SF:lib/app/core/widgets/ocr/ocr.dart
FNF:0
FNH:0
DA:8,1
LF:1
LH:1
end_of_record
TN:
SF:lib/app/core/widgets/ocr/ocr_supported.dart
FNF:0
FNH:0
DA:11,1
DA:20,1
DA:21,1
DA:25,1
DA:27,1
DA:30,1
DA:31,1
DA:38,0
DA:39,0
DA:45,0
DA:47,0
DA:48,0
DA:49,0
DA:52,0
DA:53,0
DA:54,0
DA:56,0
DA:58,0
DA:59,0
DA:64,0
DA:72,0
DA:74,0
DA:75,0
DA:76,0
DA:77,0
DA:78,0
LF:26
LH:7
end_of_record
TN:
SF:lib/app/core/widgets/pick_number.dart
FNF:0
FNH:0
DA:5,1
DA:16,1
DA:18,1
DA:20,1
DA:21,1
DA:23,1
DA:24,3
DA:25,1
DA:26,1
DA:27,1
DA:28,1
DA:29,1
DA:31,2
DA:32,1
DA:33,3
DA:36,0
DA:37,0
LF:17
LH:15
end_of_record
TN:
SF:lib/app/core/widgets/picker_edit_box.dart
FNF:0
FNH:0
DA:7,1
DA:22,1
DA:23,1
DA:29,1
DA:31,1
DA:32,4
DA:35,1
DA:37,1
DA:38,1
DA:39,3
DA:40,4
DA:43,1
DA:45,1
DA:46,1
DA:47,1
DA:48,1
DA:49,1
DA:50,2
DA:51,3
DA:56,1
DA:57,1
DA:63,1
DA:65,11
DA:69,0
DA:70,0
DA:71,0
DA:77,1
DA:78,1
DA:80,1
DA:81,1
DA:82,2
DA:83,1
DA:84,2
DA:85,2
DA:86,1
DA:87,2
DA:88,2
DA:89,3
LF:38
LH:35
end_of_record
TN:
SF:lib/app/core/widgets/picker_edit_box_date.dart
FNF:0
FNH:0
DA:7,1
DA:16,1
DA:17,1
DA:23,1
DA:25,1
DA:26,4
DA:29,1
DA:31,1
DA:33,1
DA:34,1
DA:35,1
DA:36,1
DA:37,1
DA:38,2
DA:39,3
DA:44,1
DA:45,0
DA:46,0
DA:47,0
DA:48,0
DA:50,0
DA:53,0
DA:54,0
DA:57,0
DA:58,0
LF:25
LH:16
end_of_record
TN:
SF:lib/app/core/widgets/picker_letter.dart
FNF:0
FNH:0
DA:5,1
DA:18,1
DA:19,1
DA:23,1
DA:25,1
DA:27,3
DA:28,2
DA:29,3
DA:30,1
DA:31,1
DA:32,1
DA:33,0
DA:36,0
DA:38,0
DA:41,1
DA:46,1
DA:47,1
DA:49,1
DA:54,2
DA:55,1
DA:57,0
LF:21
LH:17
end_of_record
TN:
SF:lib/app/core/widgets/picker_panel.dart
FNF:0
FNH:0
DA:12,1
DA:26,1
DA:29,1
DA:38,1
DA:43,1
DA:64,1
DA:65,1
DA:78,1
DA:80,1
DA:81,1
DA:82,1
DA:83,1
DA:86,1
DA:88,1
DA:89,2
DA:91,1
DA:93,1
DA:94,1
DA:95,1
DA:96,2
DA:102,0
DA:103,0
DA:104,0
DA:105,0
DA:107,0
DA:109,0
DA:113,1
DA:114,1
DA:117,0
DA:118,0
DA:119,0
DA:120,0
DA:126,1
DA:127,1
DA:128,2
DA:129,1
DA:130,2
DA:131,1
DA:132,2
DA:133,3
DA:134,1
DA:139,1
DA:140,1
DA:142,1
DA:143,3
DA:144,1
DA:145,1
DA:146,1
DA:147,1
DA:148,0
DA:149,0
DA:150,0
DA:151,0
DA:152,0
DA:161,1
DA:162,1
DA:163,1
DA:164,2
DA:165,3
DA:170,1
DA:176,1
DA:177,1
DA:178,2
DA:179,3
DA:181,1
DA:182,2
DA:184,1
DA:185,2
DA:186,4
DA:188,1
DA:189,1
DA:190,3
DA:195,1
DA:196,2
DA:198,1
DA:200,2
DA:207,1
DA:208,2
DA:209,3
DA:213,1
DA:214,3
DA:215,1
DA:216,2
DA:217,2
DA:218,2
DA:224,1
DA:225,3
DA:226,3
DA:227,6
DA:228,3
DA:229,4
DA:230,6
LF:92
LH:77
end_of_record
TN:
SF:lib/app/core/widgets/quantity_widget.dart
FNF:0
FNH:0
DA:8,2
DA:19,2
DA:21,2
DA:23,4
DA:27,4
DA:29,4
DA:31,4
DA:32,4
DA:34,2
DA:36,2
DA:37,2
DA:39,2
DA:40,2
DA:43,2
DA:44,0
LF:15
LH:14
end_of_record
TN:
SF:lib/app/core/widgets/rectangle.dart
FNF:0
FNH:0
DA:5,1
DA:22,1
DA:24,1
DA:26,2
DA:27,1
DA:28,1
DA:30,1
DA:31,1
DA:32,1
DA:33,1
DA:34,1
DA:35,1
LF:12
LH:12
end_of_record
TN:
SF:lib/app/core/widgets/reveal_content.dart
FNF:0
FNH:0
DA:5,1
DA:14,1
DA:15,1
DA:21,1
DA:23,1
DA:24,1
DA:25,0
DA:26,0
DA:27,0
DA:30,4
DA:34,0
DA:35,0
DA:36,0
DA:37,0
DA:38,0
LF:15
LH:7
end_of_record
TN:
SF:lib/app/core/widgets/sankey/sankey_colors.dart
FNF:0
FNH:0
DA:4,1
DA:6,1
DA:8,1
DA:9,1
DA:10,1
LF:5
LH:5
end_of_record
TN:
SF:lib/app/core/widgets/sankey/sankey_helper.dart
FNF:0
FNH:0
DA:7,1
DA:18,1
DA:37,1
DA:38,2
DA:40,1
DA:41,2
DA:42,1
DA:43,2
DA:46,1
DA:48,1
DA:49,1
DA:50,1
DA:51,1
DA:57,1
DA:62,1
DA:64,2
DA:66,2
DA:67,3
DA:68,3
DA:71,13
DA:73,13
DA:75,1
DA:77,5
DA:78,1
DA:81,1
DA:83,1
DA:86,1
DA:87,1
DA:91,1
DA:92,1
DA:96,2
DA:97,5
DA:98,1
DA:99,1
DA:106,1
DA:115,1
DA:116,3
DA:117,1
DA:118,1
DA:119,1
DA:127,1
DA:133,1
DA:135,1
DA:137,1
DA:139,4
DA:140,4
DA:143,1
DA:146,1
DA:153,3
DA:154,3
DA:156,5
DA:157,2
DA:159,1
DA:162,3
DA:163,1
DA:165,2
DA:166,1
DA:168,2
DA:169,1
DA:171,1
DA:172,1
DA:175,3
DA:177,1
DA:179,2
DA:180,1
DA:182,2
DA:183,1
DA:185,1
DA:186,1
DA:190,1
DA:192,1
DA:193,1
DA:194,1
DA:195,1
DA:205,1
DA:206,1
DA:208,4
DA:213,1
DA:214,1
DA:216,3
LF:80
LH:80
end_of_record
TN:
SF:lib/app/core/widgets/sankey/sankey_painter.dart
FNF:0
FNH:0
DA:19,1
DA:32,1
DA:34,1
DA:35,1
DA:36,1
DA:37,1
DA:38,1
DA:39,1
DA:47,1
DA:63,1
DA:65,3
DA:67,1
DA:68,1
DA:70,1
DA:72,2
DA:74,3
DA:76,1
DA:77,1
DA:79,3
DA:81,1
DA:83,1
DA:85,2
DA:88,1
DA:89,1
DA:90,1
DA:91,2
DA:92,1
DA:93,2
DA:95,1
DA:98,2
DA:99,2
DA:105,3
DA:106,1
DA:107,1
DA:108,1
DA:109,2
DA:110,1
DA:111,2
DA:112,1
DA:113,1
DA:116,2
DA:117,2
DA:125,2
DA:127,1
DA:131,2
DA:132,2
DA:135,3
DA:138,2
DA:140,1
DA:141,2
DA:144,2
DA:145,2
DA:148,5
DA:151,1
DA:154,1
DA:155,2
DA:156,2
DA:157,3
DA:160,1
DA:161,3
DA:162,2
DA:163,2
DA:165,2
DA:170,1
DA:171,1
DA:183,0
DA:186,0
DA:194,1
DA:202,2
DA:203,1
DA:211,1
DA:213,0
DA:214,0
DA:215,0
DA:218,1
DA:219,2
DA:220,4
DA:223,1
DA:226,1
DA:230,2
DA:232,1
DA:235,2
DA:236,2
DA:249,1
DA:259,1
DA:267,1
DA:271,1
DA:272,0
DA:273,0
DA:274,0
DA:275,0
DA:277,0
DA:278,0
DA:279,0
DA:280,0
DA:283,1
DA:284,2
DA:285,3
DA:286,2
DA:288,1
DA:289,3
DA:290,2
DA:291,2
DA:295,1
DA:299,2
DA:303,1
DA:312,1
DA:314,4
DA:318,1
DA:321,2
DA:323,1
DA:325,3
DA:327,1
DA:328,2
DA:329,2
DA:330,1
DA:331,3
DA:338,1
DA:339,1
DA:341,3
DA:344,1
DA:347,1
LF:122
LH:109
end_of_record
TN:
SF:lib/app/core/widgets/semantic_text.dart
FNF:0
FNH:0
DA:4,0
DA:5,0
DA:8,1
DA:9,1
DA:11,3
LF:5
LH:3
end_of_record
TN:
SF:lib/app/core/widgets/snack_bar.dart
FNF:0
FNH:0
DA:6,0
DA:8,1
DA:15,1
DA:16,2
DA:19,2
DA:25,1
DA:26,1
DA:28,1
DA:30,2
DA:31,2
DA:34,1
DA:39,0
DA:44,0
DA:48,0
DA:52,1
DA:57,1
DA:61,1
DA:65,0
DA:70,0
DA:74,0
LF:20
LH:13
end_of_record
TN:
SF:lib/app/core/widgets/suggestion_approval.dart
FNF:0
FNH:0
DA:6,1
DA:21,1
DA:22,1
DA:29,1
DA:31,2
DA:32,1
DA:35,1
DA:37,1
DA:38,2
DA:43,3
DA:44,1
DA:45,1
DA:51,1
DA:53,1
DA:54,1
DA:55,1
DA:56,1
DA:58,1
DA:59,1
DA:60,3
DA:64,2
DA:65,0
DA:67,0
DA:71,0
DA:76,2
DA:77,1
DA:81,0
DA:82,0
DA:83,0
DA:93,0
DA:94,0
DA:95,0
DA:96,0
LF:33
LH:23
end_of_record
TN:
SF:lib/app/core/widgets/text_title.dart
FNF:0
FNH:0
DA:5,7
DA:9,2
DA:11,2
DA:12,2
DA:13,10
LF:5
LH:5
end_of_record
TN:
SF:lib/app/core/widgets/three_part_label.dart
FNF:0
FNH:0
DA:5,2
DA:20,1
DA:22,1
DA:23,1
DA:24,1
DA:25,1
DA:26,1
DA:29,1
DA:31,1
DA:33,1
DA:34,1
DA:35,1
DA:38,1
DA:40,1
DA:45,1
DA:46,1
DA:47,4
DA:49,4
DA:53,1
DA:54,4
LF:20
LH:20
end_of_record
TN:
SF:lib/app/core/widgets/token_text.dart
FNF:0
FNH:0
DA:6,1
DA:11,5
DA:19,0
DA:21,0
DA:24,1
DA:28,1
DA:29,1
DA:30,2
DA:31,2
DA:33,3
DA:36,1
DA:38,2
DA:39,3
DA:40,1
DA:41,1
DA:42,1
DA:50,3
DA:51,2
DA:55,1
DA:56,1
DA:65,39
LF:21
LH:19
end_of_record
TN:
SF:lib/app/core/widgets/vertical_line_with_tooltip.dart
FNF:0
FNH:0
DA:6,1
DA:19,1
DA:21,1
DA:22,1
DA:23,1
DA:27,1
DA:28,2
DA:30,0
DA:32,0
DA:35,1
DA:36,2
DA:37,1
DA:38,1
DA:39,1
DA:40,1
LF:15
LH:13
end_of_record
TN:
SF:lib/app/core/widgets/widgets.dart
FNF:0
FNH:0
DA:22,2
DA:23,2
DA:35,1
DA:36,1
DA:37,1
DA:45,5
DA:46,5
DA:47,5
DA:50,1
DA:56,1
DA:57,1
DA:59,1
DA:60,1
DA:65,1
DA:67,1
DA:70,1
DA:74,2
DA:78,2
DA:79,2
DA:87,2
DA:92,2
DA:93,2
DA:95,2
DA:96,2
DA:100,2
DA:104,2
DA:108,2
DA:110,2
DA:111,2
DA:112,2
DA:113,2
DA:114,4
DA:132,2
DA:137,2
DA:142,2
DA:146,2
DA:155,2
DA:156,2
DA:157,1
DA:163,2
DA:170,2
DA:171,1
DA:178,2
DA:179,2
DA:180,2
DA:181,2
DA:182,2
DA:183,2
DA:184,2
DA:187,1
DA:188,1
DA:195,2
DA:196,2
DA:199,2
DA:200,2
DA:201,1
DA:207,2
DA:208,2
DA:210,4
DA:213,2
DA:214,1
DA:221,2
DA:225,2
DA:226,2
DA:227,1
DA:234,4
DA:238,2
DA:239,2
LF:68
LH:68
end_of_record
TN:
SF:lib/app/core/widgets/wizard_choice.dart
FNF:0
FNH:0
DA:6,1
DA:17,1
DA:19,1
DA:20,1
DA:21,1
DA:22,1
DA:27,1
DA:28,2
DA:30,1
DA:32,1
DA:33,2
DA:34,3
DA:35,1
DA:37,2
LF:14
LH:14
end_of_record
TN:
SF:lib/app/core/widgets/working.dart
FNF:0
FNH:0
DA:4,6
DA:6,1
LF:2
LH:2
end_of_record
TN:
SF:lib/app/core/widgets/years_range_selector.dart
FNF:0
FNH:0
DA:15,1
DA:31,1
DA:32,1
DA:44,8
DA:46,1
DA:49,3
DA:53,1
DA:54,1
DA:55,4
DA:56,4
DA:58,1
DA:59,1
DA:61,1
DA:63,1
DA:65,1
DA:66,1
DA:67,4
DA:68,4
DA:69,7
DA:70,7
DA:71,4
DA:72,0
DA:73,0
DA:74,0
DA:75,0
DA:79,1
DA:80,0
DA:81,0
DA:82,0
DA:83,0
DA:86,1
DA:87,2
DA:88,1
DA:101,1
DA:103,7
DA:105,12
DA:106,2
DA:108,1
DA:109,1
DA:110,2
DA:111,1
DA:114,1
DA:115,1
DA:116,3
DA:117,1
DA:119,1
DA:121,1
DA:123,1
DA:125,1
DA:127,1
DA:129,1
DA:131,1
DA:132,3
DA:133,1
DA:140,0
DA:141,0
DA:142,0
DA:144,0
DA:145,0
DA:146,0
DA:147,0
DA:148,0
DA:149,0
DA:153,1
DA:155,5
DA:158,1
DA:159,7
DA:160,4
DA:161,3
LF:69
LH:52
end_of_record
TN:
SF:lib/app/core/widgets/zoom.dart
FNF:0
FNH:0
DA:10,1
DA:21,1
DA:22,1
DA:29,1
DA:31,1
DA:32,1
DA:35,1
DA:37,1
DA:39,1
DA:40,3
DA:41,1
DA:45,1
DA:46,2
DA:47,3
DA:48,1
DA:52,1
DA:55,1
DA:56,1
DA:57,2
DA:58,2
DA:59,1
DA:62,2
DA:65,1
DA:69,1
DA:70,2
DA:71,3
DA:72,1
DA:80,1
DA:81,6
LF:29
LH:29
end_of_record
TN:
SF:lib/app/data/models/constants.dart
FNF:0
FNH:0
DA:135,1
DA:136,1
DA:137,3
DA:141,0
DA:142,0
DA:143,0
DA:146,1
DA:147,1
DA:148,4
DA:151,0
DA:152,0
DA:153,0
DA:172,1
DA:174,3
DA:177,1
DA:179,1
DA:181,1
DA:183,1
DA:185,1
DA:187,1
DA:189,1
DA:191,1
DA:193,1
DA:195,1
DA:197,1
DA:199,0
DA:204,1
DA:205,2
LF:28
LH:21
end_of_record
TN:
SF:lib/app/data/models/fields/field.dart
FNF:0
FNH:0
DA:11,0
DA:13,1
DA:15,1
DA:17,1
DA:21,2
DA:22,2
DA:25,2
DA:32,2
DA:34,2
DA:36,2
DA:87,4
DA:109,4
DA:113,8
DA:114,8
DA:119,8
DA:120,3
DA:121,3
DA:122,3
DA:123,5
DA:124,6
DA:125,3
DA:126,6
DA:127,2
DA:128,0
DA:129,2
DA:130,2
DA:133,0
DA:139,8
DA:142,6
DA:147,4
DA:149,4
DA:150,4
DA:151,4
DA:152,4
DA:153,4
DA:154,4
DA:159,0
DA:160,0
DA:161,0
DA:164,4
DA:165,3
DA:170,0
DA:171,0
DA:172,0
DA:175,4
DA:176,4
DA:181,1
DA:182,2
DA:183,2
DA:188,5
DA:193,1
DA:194,3
DA:195,3
DA:238,1
DA:239,2
DA:240,1
DA:242,2
DA:243,1
DA:245,0
DA:248,1
DA:249,1
DA:250,1
DA:251,1
DA:252,1
DA:253,0
DA:254,1
DA:255,1
DA:256,1
DA:257,1
DA:258,2
DA:259,0
DA:261,1
DA:262,1
DA:264,1
DA:265,1
DA:266,0
DA:267,1
DA:271,1
DA:275,0
DA:276,0
DA:277,0
DA:281,0
DA:283,0
DA:284,0
DA:285,0
DA:289,1
DA:290,2
DA:293,1
DA:295,1
DA:303,1
DA:304,2
DA:308,4
DA:309,4
DA:312,4
DA:313,4
DA:318,3
DA:328,3
DA:337,1
DA:345,1
DA:352,1
DA:360,1
DA:368,4
DA:371,4
DA:374,4
DA:379,4
DA:398,3
DA:408,3
DA:409,3
DA:416,2
DA:433,3
DA:448,3
DA:451,3
DA:452,0
DA:453,0
DA:454,0
DA:455,0
LF:116
LH:92
end_of_record
TN:
SF:lib/app/data/models/fields/field_filter.dart
FNF:0
FNH:0
DA:9,1
DA:10,2
DA:13,0
DA:14,0
DA:15,0
DA:16,0
DA:24,1
DA:26,4
DA:29,1
DA:30,3
DA:31,2
DA:36,0
DA:37,0
DA:38,0
DA:39,0
DA:46,1
DA:47,2
DA:50,1
DA:51,2
DA:52,1
DA:53,2
DA:54,2
DA:55,1
DA:56,1
DA:57,2
DA:66,0
DA:68,0
DA:71,1
DA:72,2
DA:75,1
DA:76,2
DA:79,3
DA:81,2
DA:83,0
DA:85,0
DA:86,0
DA:87,0
DA:91,1
DA:92,5
LF:39
LH:25
end_of_record
TN:
SF:lib/app/data/models/fields/fields.dart
FNF:0
FNH:0
DA:32,1
DA:33,2
DA:38,1
DA:44,1
DA:46,1
DA:53,1
DA:54,0
DA:58,1
DA:59,1
DA:62,0
DA:63,0
DA:64,0
DA:65,0
DA:67,0
DA:70,1
DA:71,5
DA:74,0
DA:75,0
DA:79,1
DA:80,1
DA:82,2
DA:83,2
DA:84,1
DA:85,1
DA:86,2
DA:87,1
DA:89,1
DA:91,1
DA:92,1
DA:93,1
DA:100,1
DA:104,0
DA:105,0
DA:107,0
DA:108,0
DA:109,0
DA:112,0
DA:115,0
DA:116,0
DA:118,0
DA:123,3
DA:135,0
DA:149,0
DA:152,1
DA:156,2
DA:157,2
DA:158,1
DA:162,1
DA:170,1
DA:174,2
DA:175,1
DA:180,1
DA:187,1
DA:188,2
DA:189,2
DA:190,2
DA:204,1
DA:208,1
DA:209,1
DA:210,1
DA:211,4
DA:213,2
DA:216,1
DA:217,2
DA:218,1
DA:220,1
DA:221,0
DA:222,0
DA:223,0
DA:225,0
DA:229,2
DA:230,2
LF:72
LH:49
end_of_record
TN:
SF:lib/app/data/models/money_model.dart
FNF:0
FNH:0
DA:10,5
DA:28,2
DA:30,2
DA:31,2
DA:32,2
DA:37,2
DA:38,2
DA:39,3
DA:41,4
DA:47,1
DA:48,1
DA:49,0
DA:51,2
DA:59,4
DA:60,8
DA:61,2
DA:62,4
DA:66,6
DA:68,1
DA:69,1
DA:70,1
DA:71,1
LF:22
LH:21
end_of_record
TN:
SF:lib/app/data/models/money_objects/account_aliases/account_alias.dart
FNF:0
FNH:0
DA:14,1
DA:20,1
DA:21,1
DA:22,4
DA:23,3
DA:24,3
DA:25,3
DA:38,2
DA:46,1
DA:48,2
DA:49,1
DA:50,2
DA:51,1
DA:52,1
DA:53,1
DA:54,1
DA:56,1
DA:59,1
DA:61,5
DA:64,1
DA:65,2
DA:67,1
DA:68,2
DA:70,0
DA:72,0
DA:73,0
DA:74,0
DA:75,0
DA:76,0
DA:77,0
DA:78,0
DA:79,0
DA:83,0
LF:33
LH:23
end_of_record
TN:
SF:lib/app/data/models/money_objects/account_aliases/account_aliases.dart
FNF:0
FNH:0
DA:6,6
DA:7,6
DA:10,1
DA:12,1
LF:4
LH:4
end_of_record
TN:
SF:lib/app/data/models/money_objects/accounts/account.dart
FNF:0
FNH:0
DA:21,1
DA:24,1
DA:25,1
DA:26,3
DA:27,3
DA:28,3
DA:29,3
DA:30,3
DA:31,4
DA:32,4
DA:33,3
DA:34,3
DA:35,3
DA:36,3
DA:37,3
DA:38,3
DA:39,3
DA:40,3
DA:41,4
DA:42,4
DA:53,3
DA:54,3
DA:55,0
DA:56,0
DA:63,1
DA:65,1
DA:66,1
DA:67,1
DA:76,1
DA:78,1
DA:79,3
DA:92,4
DA:93,1
DA:94,5
DA:95,3
DA:105,4
DA:106,1
DA:107,5
DA:108,3
DA:119,3
DA:130,2
DA:131,1
DA:133,2
DA:134,0
DA:135,0
DA:136,0
DA:137,0
DA:138,0
DA:148,0
DA:149,0
DA:150,3
DA:151,3
DA:159,0
DA:160,3
DA:166,2
DA:174,2
DA:175,0
DA:176,0
DA:177,0
DA:188,1
DA:189,3
DA:190,1
DA:191,3
DA:198,3
DA:199,1
DA:200,3
DA:210,4
DA:211,3
DA:212,0
DA:213,2
DA:214,2
DA:215,2
DA:225,0
DA:226,0
DA:227,0
DA:228,0
DA:236,0
DA:244,3
DA:245,1
DA:246,3
DA:254,0
DA:259,3
DA:267,1
DA:269,3
DA:281,4
DA:282,4
DA:283,1
DA:284,1
DA:285,2
DA:286,1
DA:287,2
DA:288,1
DA:292,0
DA:293,0
DA:300,1
DA:301,2
DA:302,2
DA:304,0
DA:313,3
DA:314,3
DA:322,1
DA:326,3
DA:327,3
DA:329,1
DA:330,1
DA:331,1
DA:332,1
DA:333,1
DA:334,1
DA:335,1
DA:336,2
DA:337,2
DA:341,3
DA:347,1
DA:348,2
DA:349,3
DA:350,2
DA:356,1
DA:357,2
DA:359,1
DA:361,2
DA:364,1
DA:365,2
DA:367,1
DA:368,2
DA:370,3
DA:371,3
DA:373,1
DA:374,2
DA:375,2
DA:376,3
DA:377,1
DA:378,1
DA:379,1
DA:380,1
DA:381,1
DA:382,1
DA:383,1
DA:384,1
DA:385,1
DA:386,1
DA:387,1
DA:388,1
DA:389,1
DA:390,1
DA:391,1
DA:392,1
DA:393,1
DA:394,1
DA:395,1
DA:396,1
DA:397,1
DA:398,1
DA:401,1
DA:404,1
DA:405,2
DA:406,2
DA:407,3
DA:408,1
DA:409,1
DA:410,1
DA:411,1
DA:412,1
DA:413,1
DA:414,1
DA:415,1
DA:416,1
DA:419,1
DA:422,1
DA:423,3
DA:426,0
DA:427,0
DA:430,1
DA:431,5
DA:434,1
DA:435,2
DA:438,1
DA:439,10
DA:442,0
DA:443,0
DA:446,0
DA:447,0
DA:448,0
DA:449,0
DA:452,1
DA:453,2
DA:456,1
DA:457,4
DA:460,1
DA:461,6
DA:464,1
DA:465,3
DA:466,3
DA:467,3
DA:470,1
DA:471,2
DA:474,1
DA:477,1
DA:478,1
DA:481,1
DA:483,5
DA:485,0
DA:489,1
DA:490,1
DA:492,1
DA:494,3
LF:206
LH:174
end_of_record
TN:
SF:lib/app/data/models/money_objects/accounts/account_types.dart
FNF:0
FNH:0
DA:11,2
DA:13,2
DA:15,2
DA:17,2
DA:19,2
DA:21,2
DA:22,2
DA:24,2
DA:26,2
DA:28,2
DA:30,1
DA:32,1
DA:34,1
DA:42,1
DA:44,1
DA:46,1
DA:48,1
DA:50,1
DA:52,1
DA:54,1
DA:56,1
DA:58,1
DA:60,1
DA:62,1
DA:64,1
DA:70,0
DA:73,1
DA:74,1
DA:75,1
DA:76,1
DA:77,1
DA:78,1
DA:79,1
DA:80,1
DA:81,1
DA:82,1
DA:83,1
DA:84,1
LF:38
LH:37
end_of_record
TN:
SF:lib/app/data/models/money_objects/accounts/accounts.dart
FNF:0
FNH:0
DA:19,6
DA:20,6
DA:23,1
DA:25,1
DA:28,3
DA:31,4
DA:32,2
DA:33,4
DA:34,2
DA:35,2
DA:55,18
DA:57,4
DA:58,3
DA:60,6
DA:61,1
DA:64,3
DA:65,5
DA:67,3
DA:71,4
DA:72,4
DA:76,4
DA:77,4
DA:80,2
DA:81,2
DA:82,6
DA:83,4
DA:90,3
DA:91,3
DA:92,3
DA:93,3
DA:94,1
DA:95,3
DA:96,3
DA:97,3
DA:99,3
DA:101,3
DA:103,4
DA:104,1
DA:108,7
DA:110,2
DA:111,1
DA:112,1
DA:113,1
DA:114,4
DA:116,3
DA:118,2
DA:119,5
DA:120,4
DA:121,5
DA:129,19
DA:130,4
DA:131,2
DA:133,4
DA:134,6
DA:140,11
DA:141,1
DA:145,2
DA:147,2
DA:148,2
DA:152,1
DA:156,3
DA:157,1
DA:163,2
DA:164,1
DA:167,0
DA:168,0
DA:171,1
DA:175,1
DA:177,0
DA:179,0
DA:183,1
DA:184,2
DA:185,1
DA:187,3
DA:191,1
DA:192,2
DA:193,3
DA:197,1
DA:203,1
DA:204,1
DA:206,3
DA:210,2
DA:218,1
DA:222,2
DA:223,0
DA:224,0
DA:228,1
DA:229,3
DA:230,4
DA:234,1
DA:235,1
DA:236,1
DA:237,1
DA:238,4
DA:240,1
DA:241,7
DA:245,1
DA:246,4
DA:247,2
DA:248,1
DA:254,0
DA:257,1
DA:258,1
DA:260,1
DA:262,2
DA:265,2
DA:266,8
DA:269,0
DA:270,0
DA:271,0
DA:272,0
DA:274,0
DA:277,1
DA:280,2
DA:281,1
DA:282,5
DA:288,0
DA:289,0
DA:292,1
DA:293,1
DA:296,1
DA:298,10
DA:300,2
DA:301,5
DA:303,2
DA:304,3
DA:309,0
DA:310,0
DA:311,0
DA:312,0
DA:317,0
DA:318,0
DA:319,0
DA:320,0
DA:324,0
DA:326,0
DA:327,0
DA:332,0
DA:333,0
DA:336,1
DA:338,10
DA:340,3
DA:344,2
DA:345,4
DA:346,1
DA:347,2
DA:350,2
DA:352,2
DA:353,1
DA:354,4
DA:357,3
DA:358,1
DA:360,1
DA:362,4
DA:368,4
DA:369,2
DA:370,5
LF:157
LH:130
end_of_record
TN:
SF:lib/app/data/models/money_objects/accounts/picker_account_type.dart
FNF:0
FNH:0
DA:6,1
DA:10,1
DA:12,1
DA:14,1
DA:16,1
DA:17,2
LF:6
LH:6
end_of_record
TN:
SF:lib/app/data/models/money_objects/aliases/alias.dart
FNF:0
FNH:0
DA:14,1
DA:20,2
DA:21,2
DA:22,2
DA:23,2
DA:27,1
DA:28,1
DA:29,2
DA:30,1
DA:31,1
DA:32,2
DA:44,3
DA:45,3
DA:51,2
DA:60,3
DA:61,3
DA:62,3
DA:73,3
DA:74,3
DA:81,1
DA:83,1
DA:84,2
DA:85,2
DA:86,3
DA:91,1
DA:92,2
DA:94,1
DA:96,2
DA:99,1
DA:100,2
DA:102,1
DA:103,2
DA:105,3
DA:106,3
DA:108,1
DA:109,2
DA:110,2
DA:111,3
DA:112,1
DA:113,1
DA:114,1
DA:115,1
DA:118,1
DA:121,1
DA:122,2
DA:124,2
DA:125,3
DA:126,1
DA:127,1
DA:128,1
DA:133,1
DA:136,0
DA:137,0
DA:139,0
DA:140,0
DA:145,0
DA:152,1
DA:154,5
DA:155,6
DA:157,1
DA:160,1
DA:161,3
LF:62
LH:57
end_of_record
TN:
SF:lib/app/data/models/money_objects/aliases/alias_types.dart
FNF:0
FNH:0
DA:6,1
DA:8,1
DA:10,1
LF:3
LH:3
end_of_record
TN:
SF:lib/app/data/models/money_objects/aliases/aliases.dart
FNF:0
FNH:0
DA:6,6
DA:7,6
DA:10,1
DA:12,1
DA:15,2
DA:17,2
DA:18,2
DA:22,1
DA:23,2
DA:24,0
DA:27,1
DA:31,1
DA:32,3
LF:13
LH:12
end_of_record
TN:
SF:lib/app/data/models/money_objects/categories/categories.dart
FNF:0
FNH:0
DA:9,6
DA:10,6
DA:15,1
DA:17,1
DA:20,3
DA:23,4
DA:24,2
DA:25,3
DA:27,2
DA:28,3
DA:32,10
DA:33,3
DA:35,3
DA:36,6
DA:37,3
DA:38,6
DA:40,1
DA:41,1
DA:42,2
DA:43,3
DA:44,5
DA:50,2
DA:52,2
DA:53,2
DA:57,3
DA:58,1
DA:64,0
DA:67,1
DA:75,5
DA:79,3
DA:81,1
DA:82,1
DA:86,3
DA:89,1
DA:91,0
DA:93,0
DA:99,2
DA:103,1
DA:104,1
DA:112,3
DA:117,2
DA:123,2
DA:124,2
DA:130,2
DA:134,2
DA:138,2
DA:140,2
DA:143,4
DA:144,4
DA:148,2
DA:150,3
DA:155,2
DA:156,2
DA:161,2
DA:163,2
DA:166,2
DA:167,12
DA:170,1
DA:171,6
DA:174,1
DA:175,1
DA:176,2
DA:177,3
DA:178,0
DA:184,1
DA:185,2
DA:189,2
DA:190,1
DA:193,2
DA:196,1
DA:197,2
DA:198,7
DA:202,1
DA:203,2
DA:207,2
DA:210,2
DA:213,2
DA:217,2
DA:220,2
DA:222,2
DA:223,0
DA:230,1
DA:231,4
DA:234,3
DA:238,1
DA:241,0
DA:242,0
DA:243,0
DA:247,1
DA:248,1
DA:249,1
DA:250,0
DA:255,1
DA:256,1
DA:257,1
DA:258,1
DA:259,1
DA:260,0
DA:265,0
DA:266,0
DA:267,0
DA:268,0
DA:269,0
DA:273,0
DA:274,0
DA:277,0
DA:278,0
DA:281,1
DA:282,1
DA:285,0
DA:286,0
DA:289,0
DA:290,0
DA:293,0
DA:294,0
DA:297,0
DA:298,0
DA:301,0
DA:302,0
DA:305,0
DA:306,0
DA:309,0
DA:310,0
DA:313,0
DA:314,0
DA:317,0
DA:318,0
DA:321,0
DA:322,0
DA:325,0
DA:326,0
DA:329,0
DA:330,0
DA:333,0
DA:334,0
DA:337,1
DA:338,1
DA:342,3
DA:343,3
DA:346,0
DA:347,0
DA:348,0
DA:350,0
DA:351,0
DA:352,0
DA:354,0
DA:358,0
DA:361,0
DA:362,0
DA:365,0
DA:366,0
DA:369,1
DA:371,1
DA:372,2
DA:374,1
DA:377,1
DA:378,2
DA:381,1
DA:382,1
DA:385,0
DA:386,0
DA:389,0
DA:390,0
DA:393,0
DA:394,0
DA:397,0
DA:398,0
LF:167
LH:102
end_of_record
TN:
SF:lib/app/data/models/money_objects/categories/category.dart
FNF:0
FNH:0
DA:23,2
DA:35,4
DA:36,4
DA:37,4
DA:38,4
DA:39,4
DA:40,4
DA:41,6
DA:42,6
DA:43,4
DA:44,4
DA:47,1
DA:48,1
DA:49,2
DA:50,2
DA:51,1
DA:52,1
DA:53,2
DA:54,2
DA:55,1
DA:56,1
DA:57,1
DA:58,1
DA:66,3
DA:67,4
DA:74,3
DA:75,1
DA:76,3
DA:87,2
DA:88,3
DA:89,0
DA:90,0
DA:92,1
DA:93,1
DA:94,2
DA:95,0
DA:96,0
DA:97,0
DA:102,0
DA:106,0
DA:107,0
DA:108,0
DA:119,3
DA:120,3
DA:121,0
DA:128,0
DA:134,2
DA:147,1
DA:148,5
DA:158,4
DA:159,3
DA:160,0
DA:161,0
DA:162,0
DA:163,0
DA:172,3
DA:173,3
DA:179,3
DA:185,3
DA:192,0
DA:199,3
DA:206,3
DA:217,2
DA:218,4
DA:219,0
DA:220,0
DA:222,1
DA:224,1
DA:225,2
DA:226,0
DA:227,0
DA:228,0
DA:234,1
DA:239,4
DA:240,2
DA:243,0
DA:244,0
DA:247,1
DA:250,3
DA:251,1
DA:252,1
DA:253,2
DA:254,1
DA:255,1
DA:262,1
DA:263,2
DA:265,1
DA:267,2
DA:270,2
DA:271,4
DA:273,2
DA:274,4
DA:276,3
DA:278,1
DA:279,2
DA:280,2
DA:281,3
DA:282,1
DA:283,1
DA:284,1
DA:285,1
DA:286,1
DA:287,1
DA:288,1
DA:289,1
DA:290,1
DA:291,1
DA:292,1
DA:293,1
DA:294,1
DA:295,1
DA:296,1
DA:299,1
DA:302,1
DA:303,2
DA:304,1
DA:305,2
DA:306,1
DA:307,1
DA:308,1
DA:309,1
DA:310,1
DA:311,1
DA:312,1
DA:313,1
DA:314,1
DA:315,1
DA:319,1
DA:320,1
DA:321,2
DA:322,2
DA:326,0
DA:328,0
DA:334,1
DA:335,1
DA:336,1
DA:337,1
DA:338,1
DA:339,1
DA:340,1
DA:341,1
DA:342,1
DA:343,1
DA:347,1
DA:348,3
DA:349,4
DA:352,1
DA:353,3
DA:357,1
DA:360,1
DA:361,1
DA:362,1
DA:363,1
DA:364,1
DA:365,1
DA:366,1
DA:372,1
DA:373,1
DA:374,1
DA:377,1
DA:378,1
DA:379,3
DA:381,1
DA:383,1
DA:384,1
DA:385,7
DA:386,2
DA:391,1
DA:392,2
DA:395,1
DA:396,3
DA:399,0
DA:400,0
DA:401,0
DA:406,1
DA:408,1
DA:410,1
DA:412,1
DA:414,1
DA:416,1
DA:418,1
DA:420,1
DA:422,1
DA:429,1
DA:430,3
DA:433,1
DA:434,3
DA:435,1
DA:443,0
DA:444,0
DA:447,1
DA:448,5
DA:454,0
DA:455,0
DA:459,0
DA:460,0
DA:461,0
DA:471,1
DA:480,1
DA:481,1
DA:485,4
DA:487,1
DA:490,1
DA:492,1
DA:493,1
DA:494,1
DA:495,1
DA:496,0
DA:497,0
DA:498,0
DA:499,0
DA:504,1
DA:505,1
DA:510,1
DA:511,1
DA:512,1
DA:514,0
DA:515,0
DA:516,0
DA:517,0
LF:220
LH:177
end_of_record
TN:
SF:lib/app/data/models/money_objects/categories/picker_category_type.dart
FNF:0
FNH:0
DA:5,1
DA:9,1
DA:11,1
DA:12,1
DA:13,0
DA:14,0
LF:6
LH:4
end_of_record
TN:
SF:lib/app/data/models/money_objects/currencies/currencies.dart
FNF:0
FNH:0
DA:10,6
DA:11,6
DA:14,0
DA:16,0
DA:19,2
DA:21,2
DA:22,2
DA:26,1
DA:27,1
DA:31,2
DA:34,1
DA:35,6
DA:38,1
DA:39,1
DA:43,2
LF:15
LH:13
end_of_record
TN:
SF:lib/app/data/models/money_objects/currencies/currency.dart
FNF:0
FNH:0
DA:18,1
DA:26,2
DA:27,2
DA:28,2
DA:29,2
DA:30,2
DA:31,2
DA:35,1
DA:36,1
DA:38,2
DA:40,1
DA:42,1
DA:44,1
DA:46,1
DA:48,1
DA:57,0
DA:58,0
DA:63,0
DA:70,0
DA:71,0
DA:79,0
DA:80,0
DA:88,0
DA:89,0
DA:97,0
DA:98,0
DA:101,1
DA:103,2
DA:106,1
DA:107,2
DA:109,1
DA:110,2
DA:112,1
DA:113,3
DA:115,1
DA:116,1
DA:117,2
DA:122,1
DA:126,1
DA:130,1
DA:132,1
DA:137,3
DA:142,3
DA:147,4
DA:149,1
DA:152,3
DA:153,3
DA:156,3
DA:163,6
DA:166,1
DA:167,1
DA:174,1
DA:176,1
DA:178,1
DA:182,1
DA:358,1
LF:56
LH:45
end_of_record
TN:
SF:lib/app/data/models/money_objects/investments/investment.dart
FNF:0
FNH:0
DA:14,1
DA:29,2
DA:30,2
DA:31,3
DA:32,2
DA:33,3
DA:34,3
DA:35,3
DA:36,3
DA:37,3
DA:38,2
DA:39,2
DA:40,2
DA:41,3
DA:45,1
DA:46,1
DA:48,2
DA:50,1
DA:52,1
DA:54,1
DA:56,1
DA:58,1
DA:60,1
DA:62,1
DA:64,1
DA:66,1
DA:68,1
DA:70,1
DA:72,1
DA:78,0
DA:83,2
DA:90,3
DA:91,4
DA:98,3
DA:99,4
DA:105,3
DA:111,1
DA:112,1
DA:113,4
DA:121,2
DA:132,2
DA:133,3
DA:134,0
DA:135,0
DA:136,0
DA:137,0
DA:138,0
DA:139,0
DA:143,0
DA:144,0
DA:145,0
DA:153,3
DA:154,4
DA:161,4
DA:162,4
DA:168,1
DA:169,1
DA:170,1
DA:179,3
DA:180,3
DA:186,2
DA:187,3
DA:188,0
DA:189,0
DA:190,0
DA:199,1
DA:200,3
DA:210,1
DA:211,3
DA:212,3
DA:219,3
DA:220,4
DA:228,1
DA:229,5
DA:230,3
DA:236,1
DA:237,2
DA:244,2
DA:245,2
DA:262,3
DA:263,4
DA:269,2
DA:276,2
DA:277,3
DA:282,2
DA:289,3
DA:290,1
DA:291,3
DA:299,0
DA:301,0
DA:302,0
DA:303,0
DA:304,0
DA:305,0
DA:310,1
DA:311,2
DA:313,0
DA:315,0
DA:318,0
DA:320,0
DA:323,1
DA:324,2
DA:326,0
DA:327,0
DA:329,3
DA:331,4
DA:333,1
DA:337,4
DA:342,1
DA:343,1
DA:344,2
DA:345,1
DA:349,4
DA:351,1
DA:352,3
DA:356,4
DA:361,1
DA:362,3
DA:366,6
DA:369,1
DA:370,2
DA:371,2
DA:372,3
DA:373,1
DA:374,1
DA:375,1
DA:376,1
DA:377,1
DA:378,1
DA:379,1
DA:380,1
DA:381,1
DA:382,1
DA:383,1
DA:384,1
DA:385,1
DA:386,1
DA:387,1
DA:388,1
DA:389,1
DA:390,1
DA:391,1
DA:392,1
DA:393,1
DA:394,1
DA:398,1
DA:401,1
DA:402,2
DA:403,1
DA:404,2
DA:405,1
DA:406,1
DA:407,1
DA:408,1
DA:409,1
DA:410,1
DA:411,1
DA:412,1
DA:413,1
DA:414,1
DA:415,1
DA:416,1
DA:417,1
DA:418,1
DA:419,1
DA:420,1
DA:421,1
DA:425,0
DA:426,0
DA:427,0
DA:428,0
DA:432,0
DA:434,0
DA:436,0
DA:441,0
DA:448,1
DA:454,3
DA:456,1
DA:458,0
DA:459,0
DA:460,0
DA:476,6
DA:478,5
DA:481,1
DA:482,1
DA:483,1
DA:487,1
DA:488,1
DA:491,4
DA:493,0
DA:494,0
DA:495,0
DA:500,1
DA:501,4
DA:502,0
DA:506,4
DA:508,1
DA:509,5
DA:511,1
DA:513,6
LF:200
LH:160
end_of_record
TN:
SF:lib/app/data/models/money_objects/investments/investment_types.dart
FNF:0
FNH:0
DA:33,1
DA:34,2
DA:37,1
DA:38,2
DA:41,1
DA:42,1
DA:45,0
DA:46,0
DA:49,0
DA:50,0
LF:10
LH:6
end_of_record
TN:
SF:lib/app/data/models/money_objects/investments/investments.dart
FNF:0
FNH:0
DA:12,6
DA:13,6
DA:16,2
DA:18,2
DA:19,2
DA:20,0
DA:24,3
DA:26,4
DA:28,4
DA:29,1
DA:31,5
DA:33,3
DA:34,1
DA:39,2
DA:41,2
DA:42,2
DA:46,1
DA:48,2
DA:49,2
DA:52,2
DA:53,2
DA:54,2
DA:60,1
DA:61,9
DA:64,2
DA:66,2
DA:67,2
DA:70,2
DA:72,3
DA:73,3
DA:74,3
DA:75,5
DA:77,2
DA:78,0
DA:79,0
DA:80,0
LF:36
LH:32
end_of_record
TN:
SF:lib/app/data/models/money_objects/investments/picker_investment_type.dart
FNF:0
FNH:0
DA:4,0
DA:8,0
DA:10,0
DA:12,0
DA:14,0
DA:15,0
LF:6
LH:0
end_of_record
TN:
SF:lib/app/data/models/money_objects/investments/stock_cumulative.dart
FNF:0
FNH:0
DA:12,0
LF:1
LH:0
end_of_record
TN:
SF:lib/app/data/models/money_objects/loan_payments/loan_payment.dart
FNF:0
FNH:0
DA:10,1
DA:19,2
DA:20,2
DA:21,6
DA:22,2
DA:23,2
DA:24,3
DA:25,3
DA:26,2
DA:30,1
DA:31,1
DA:33,2
DA:35,2
DA:37,1
DA:39,1
DA:41,1
DA:43,1
DA:56,3
DA:57,3
DA:62,4
DA:63,4
DA:70,3
DA:71,1
DA:72,3
DA:78,0
DA:86,3
DA:87,4
DA:97,3
DA:98,3
DA:106,3
DA:107,4
DA:112,2
DA:118,3
DA:123,0
DA:126,0
DA:128,0
DA:129,0
DA:130,0
DA:131,0
DA:136,1
DA:137,2
DA:139,1
DA:142,2
DA:145,1
DA:146,2
DA:148,1
DA:149,2
DA:151,3
DA:153,1
DA:154,2
DA:155,0
DA:156,0
DA:157,0
DA:158,0
DA:159,0
DA:160,0
DA:161,0
DA:162,0
DA:163,0
DA:164,0
DA:165,0
DA:168,1
DA:171,1
DA:172,2
DA:173,2
DA:174,3
DA:175,1
DA:176,1
DA:177,1
DA:178,1
DA:179,1
DA:180,1
DA:181,1
DA:182,1
DA:185,1
DA:188,1
DA:189,7
DA:190,1
DA:195,4
DA:196,1
DA:199,1
DA:202,0
LF:82
LH:63
end_of_record
TN:
SF:lib/app/data/models/money_objects/loan_payments/loan_payments.dart
FNF:0
FNH:0
DA:12,6
DA:13,6
DA:16,2
DA:18,2
DA:19,2
DA:20,0
DA:24,3
DA:27,2
DA:29,2
DA:30,2
DA:43,1
DA:44,1
DA:45,2
DA:46,2
DA:50,1
DA:51,1
DA:52,1
DA:53,6
DA:54,1
DA:57,3
DA:58,2
DA:62,1
DA:64,2
DA:66,3
DA:67,1
DA:71,1
DA:72,3
DA:73,1
DA:79,3
DA:82,5
DA:84,0
DA:86,4
DA:89,5
DA:90,4
DA:94,5
DA:95,0
DA:101,2
DA:102,1
DA:103,1
DA:104,1
DA:105,1
DA:106,1
DA:107,1
DA:108,1
DA:110,1
DA:115,7
DA:119,2
DA:120,4
DA:121,3
DA:124,7
LF:50
LH:47
end_of_record
TN:
SF:lib/app/data/models/money_objects/money_object.dart
FNF:0
FNH:0
DA:13,4
DA:15,0
DA:16,0
DA:29,2
DA:37,0
DA:42,1
DA:46,2
DA:47,0
DA:49,1
DA:52,1
DA:54,2
DA:55,1
DA:60,2
DA:61,2
DA:63,1
DA:64,1
DA:73,1
DA:74,1
DA:76,1
DA:78,1
DA:80,1
DA:82,3
DA:92,1
DA:100,2
DA:104,1
DA:106,1
DA:108,1
DA:109,1
DA:113,1
DA:115,1
DA:116,1
DA:117,1
DA:120,2
DA:124,1
DA:125,1
DA:127,0
DA:128,0
DA:129,0
DA:131,0
DA:134,1
DA:135,1
DA:136,1
DA:139,1
DA:140,1
DA:141,2
DA:143,0
DA:147,0
DA:148,0
DA:149,0
DA:154,1
DA:155,3
DA:156,1
DA:157,1
DA:160,0
DA:161,0
DA:162,0
DA:168,1
DA:169,1
DA:172,1
DA:173,1
DA:174,1
DA:175,1
DA:177,1
DA:183,1
DA:184,1
DA:186,1
DA:187,1
DA:189,1
DA:190,2
DA:191,1
DA:201,2
DA:203,1
DA:204,6
DA:207,1
DA:208,1
DA:209,1
DA:210,2
DA:215,1
DA:216,1
DA:217,1
DA:218,1
DA:219,1
DA:220,1
DA:221,1
DA:222,0
DA:229,1
DA:230,1
DA:232,2
DA:233,2
DA:234,4
DA:241,1
DA:242,2
DA:245,0
DA:247,1
DA:248,1
DA:249,1
DA:250,1
DA:253,2
DA:256,6
DA:258,0
DA:260,0
DA:261,0
DA:264,1
DA:269,1
DA:270,2
DA:271,1
DA:272,2
DA:273,2
DA:281,1
DA:282,1
DA:283,0
DA:285,2
DA:286,1
DA:289,0
DA:291,0
DA:292,0
DA:294,0
DA:297,1
DA:298,1
DA:299,2
DA:305,0
DA:306,0
DA:310,0
DA:311,0
DA:312,0
DA:313,0
DA:314,0
DA:316,0
DA:320,0
DA:325,0
DA:327,0
DA:329,1
DA:333,1
DA:334,1
DA:335,1
DA:336,1
DA:337,1
DA:341,1
DA:343,1
DA:344,1
DA:346,1
DA:348,2
DA:351,1
DA:353,1
DA:355,1
LF:145
LH:109
end_of_record
TN:
SF:lib/app/data/models/money_objects/money_objects.dart
FNF:0
FNH:0
DA:19,6
DA:26,4
DA:29,8
DA:30,12
DA:33,3
DA:37,12
DA:40,6
DA:42,3
DA:44,6
DA:52,3
DA:53,6
DA:56,0
DA:57,0
DA:61,1
DA:62,2
DA:69,0
DA:70,0
DA:71,0
DA:74,0
DA:77,1
DA:78,2
DA:81,2
DA:86,2
DA:90,2
DA:92,2
DA:93,2
DA:96,2
DA:99,2
DA:100,1
DA:101,1
DA:111,2
DA:114,1
DA:118,1
DA:120,2
DA:121,1
DA:122,3
DA:125,1
DA:128,2
DA:129,5
DA:130,1
DA:131,1
DA:132,1
DA:136,2
DA:139,1
DA:140,6
DA:143,3
DA:144,3
DA:145,5
DA:146,4
DA:148,3
DA:151,0
DA:153,0
DA:157,0
DA:161,3
DA:162,6
DA:165,1
DA:166,4
DA:170,6
DA:171,12
DA:174,0
DA:175,0
DA:178,2
DA:179,2
DA:180,3
DA:181,1
DA:183,1
DA:188,0
DA:189,0
DA:196,3
DA:200,1
DA:201,2
DA:202,1
DA:203,1
DA:205,1
DA:206,2
DA:208,0
DA:209,0
DA:211,0
DA:212,0
DA:215,0
DA:217,1
DA:223,1
DA:229,2
DA:231,1
DA:233,1
DA:240,1
DA:245,2
DA:246,1
DA:247,1
DA:248,3
DA:254,2
DA:255,4
DA:258,1
DA:264,1
DA:265,2
DA:266,2
DA:267,0
DA:268,2
DA:269,1
DA:270,1
DA:272,1
DA:275,1
DA:276,1
DA:277,2
DA:278,1
DA:280,1
DA:282,2
DA:284,1
DA:286,1
DA:287,1
DA:288,2
DA:289,1
DA:290,1
DA:291,1
DA:293,1
DA:295,1
DA:301,1
DA:302,1
DA:303,1
DA:305,1
DA:307,3
DA:313,1
DA:314,1
DA:316,1
DA:318,3
DA:319,3
DA:326,1
DA:327,1
DA:329,1
DA:330,1
DA:332,1
DA:333,1
DA:334,1
DA:337,1
DA:339,1
DA:340,2
DA:346,1
DA:347,1
DA:349,1
DA:362,6
DA:367,3
DA:369,24
DA:373,1
DA:380,4
LF:144
LH:125
end_of_record
TN:
SF:lib/app/data/models/money_objects/online_accounts/online_account.dart
FNF:0
FNH:0
DA:29,1
DA:43,2
DA:47,1
DA:48,1
DA:50,1
DA:52,1
DA:54,1
DA:56,1
DA:58,1
DA:60,1
DA:62,1
DA:64,1
DA:66,1
DA:68,1
DA:70,1
DA:72,1
DA:73,4
DA:90,2
DA:96,3
DA:121,1
DA:123,2
DA:124,1
DA:125,2
DA:126,1
DA:127,1
DA:129,1
DA:132,1
DA:133,2
DA:135,1
DA:136,2
LF:30
LH:30
end_of_record
TN:
SF:lib/app/data/models/money_objects/online_accounts/online_accounts.dart
FNF:0
FNH:0
DA:6,6
DA:7,6
DA:10,2
DA:12,2
DA:13,3
DA:14,2
DA:18,2
DA:20,2
DA:21,2
LF:9
LH:9
end_of_record
TN:
SF:lib/app/data/models/money_objects/payees/payee.dart
FNF:0
FNH:0
DA:16,1
DA:18,1
DA:19,1
DA:25,2
DA:31,3
DA:36,2
DA:43,3
DA:44,3
DA:45,0
DA:50,3
DA:53,0
DA:55,0
DA:56,0
DA:57,0
DA:58,0
DA:63,1
DA:64,2
DA:66,1
DA:68,2
DA:71,1
DA:72,2
DA:74,1
DA:75,2
DA:77,3
DA:79,1
DA:80,2
DA:81,2
DA:82,3
DA:83,1
DA:84,1
DA:85,1
DA:86,1
DA:87,1
DA:90,1
DA:93,1
DA:94,2
DA:95,1
DA:96,2
DA:97,1
DA:98,1
DA:99,1
DA:100,1
DA:104,1
DA:105,2
DA:109,3
DA:110,2
DA:112,3
DA:113,2
DA:115,4
DA:118,1
DA:119,2
LF:51
LH:45
end_of_record
TN:
SF:lib/app/data/models/money_objects/payees/payees.dart
FNF:0
FNH:0
DA:7,6
DA:8,6
DA:11,2
DA:13,2
DA:16,3
DA:17,3
DA:18,2
DA:19,1
DA:20,1
DA:21,2
DA:22,2
DA:27,3
DA:29,4
DA:30,2
DA:31,3
DA:34,10
DA:35,3
DA:37,3
DA:38,5
DA:39,6
DA:40,1
DA:41,7
DA:47,2
DA:49,2
DA:50,2
DA:54,1
DA:55,1
DA:58,6
DA:61,1
DA:62,2
DA:63,7
DA:67,1
DA:68,2
DA:72,1
DA:75,1
DA:77,2
DA:82,1
DA:84,1
DA:88,1
DA:89,3
DA:90,2
DA:91,3
DA:97,1
DA:98,1
DA:100,0
DA:102,1
DA:105,0
DA:106,0
DA:107,0
DA:109,0
DA:110,0
DA:114,0
LF:52
LH:45
end_of_record
TN:
SF:lib/app/data/models/money_objects/rent_buildings/rent_building.dart
FNF:0
FNH:0
DA:39,1
DA:41,1
DA:42,1
DA:44,4
DA:45,3
DA:46,3
DA:47,4
DA:48,4
DA:49,4
DA:50,4
DA:51,3
DA:52,3
DA:53,3
DA:54,3
DA:56,4
DA:57,6
DA:59,4
DA:60,6
DA:62,4
DA:63,6
DA:65,4
DA:66,6
DA:68,4
DA:69,6
DA:71,4
DA:72,6
DA:74,3
DA:75,3
DA:76,3
DA:77,3
DA:78,3
DA:80,3
DA:90,1
DA:91,3
DA:92,3
DA:102,1
DA:103,3
DA:104,3
DA:114,1
DA:115,3
DA:116,3
DA:126,1
DA:127,3
DA:128,3
DA:138,1
DA:139,3
DA:140,3
DA:150,1
DA:151,3
DA:152,3
DA:163,3
DA:164,3
DA:173,2
DA:174,2
DA:175,1
DA:184,3
DA:185,1
DA:186,3
DA:187,0
DA:188,0
DA:194,1
DA:195,3
DA:201,2
DA:209,3
DA:210,1
DA:211,3
DA:212,0
DA:213,0
DA:219,2
DA:220,2
DA:227,2
DA:228,2
DA:235,2
DA:236,2
DA:243,2
DA:244,2
DA:251,1
DA:252,3
DA:260,3
DA:261,3
DA:269,3
DA:270,3
DA:278,3
DA:279,3
DA:287,3
DA:288,1
DA:289,2
DA:297,3
DA:298,1
DA:299,2
DA:305,1
DA:306,3
DA:314,2
DA:315,2
DA:317,2
DA:318,2
DA:327,3
DA:328,1
DA:329,3
DA:335,1
DA:336,3
DA:341,3
DA:346,3
DA:357,0
DA:358,0
DA:366,0
DA:368,0
DA:369,0
DA:370,0
DA:371,0
DA:372,0
DA:379,1
DA:380,2
DA:382,1
DA:383,2
DA:385,0
DA:386,0
DA:388,3
DA:390,1
DA:392,4
DA:393,5
DA:396,0
DA:400,1
DA:401,2
DA:403,1
DA:404,0
DA:406,0
DA:408,0
DA:409,0
DA:410,0
DA:413,0
DA:414,0
DA:415,0
DA:418,0
DA:419,0
DA:420,0
DA:423,0
DA:426,0
DA:427,0
DA:428,0
DA:430,0
DA:431,0
DA:435,0
DA:438,0
DA:443,2
DA:446,0
DA:447,0
DA:448,0
DA:449,0
DA:452,0
DA:453,0
DA:454,0
DA:456,0
DA:457,0
DA:458,0
DA:460,0
DA:461,0
DA:462,0
DA:464,0
DA:465,0
DA:466,0
DA:468,0
DA:469,0
DA:470,0
DA:474,1
DA:475,2
DA:476,2
DA:477,3
DA:478,1
DA:479,1
DA:480,1
DA:481,1
DA:482,1
DA:483,1
DA:484,1
DA:485,1
DA:486,1
DA:487,1
DA:488,1
DA:489,1
DA:490,1
DA:491,1
DA:492,1
DA:493,1
DA:494,1
DA:495,1
DA:496,1
DA:497,1
DA:498,1
DA:499,1
DA:500,1
DA:501,1
DA:502,1
DA:503,1
DA:504,1
DA:505,1
DA:508,1
DA:511,1
DA:512,2
DA:513,1
DA:514,2
DA:515,1
DA:516,1
DA:517,1
DA:518,1
DA:519,1
DA:520,1
DA:521,1
DA:522,1
DA:523,1
DA:524,1
DA:525,1
DA:526,1
DA:527,1
DA:528,1
DA:529,1
DA:533,1
DA:534,3
DA:537,1
DA:538,1
DA:541,0
DA:545,1
DA:546,2
DA:547,2
DA:548,0
DA:549,0
DA:550,0
DA:551,0
DA:552,0
DA:553,0
DA:554,0
DA:555,0
DA:556,0
DA:561,1
DA:562,2
DA:563,2
DA:564,2
DA:565,2
DA:566,2
DA:567,2
DA:570,1
DA:571,2
DA:572,1
DA:573,2
DA:574,3
DA:580,1
LF:246
LH:183
end_of_record
TN:
SF:lib/app/data/models/money_objects/rent_buildings/rent_buildings.dart
FNF:0
FNH:0
DA:7,6
DA:8,6
DA:11,2
DA:13,2
DA:15,3
DA:16,2
DA:20,3
DA:22,4
DA:23,1
DA:24,1
DA:26,4
DA:27,5
DA:28,2
DA:34,2
DA:36,2
DA:37,2
DA:41,1
DA:42,4
DA:43,1
LF:19
LH:19
end_of_record
TN:
SF:lib/app/data/models/money_objects/rental_unit/rental_unit.dart
FNF:0
FNH:0
DA:14,1
DA:16,1
DA:17,1
DA:18,4
DA:19,3
DA:20,4
DA:21,3
DA:22,3
DA:34,0
DA:40,0
DA:48,0
DA:56,0
DA:64,0
DA:67,1
DA:68,2
DA:70,0
DA:71,0
LF:17
LH:10
end_of_record
TN:
SF:lib/app/data/models/money_objects/rental_unit/rental_units.dart
FNF:0
FNH:0
DA:6,6
DA:7,6
DA:10,2
DA:12,3
DA:13,2
DA:17,0
DA:18,0
DA:22,0
LF:8
LH:5
end_of_record
TN:
SF:lib/app/data/models/money_objects/securities/securities.dart
FNF:0
FNH:0
DA:11,6
DA:12,6
DA:15,2
DA:17,2
DA:18,2
DA:19,0
DA:23,3
DA:25,5
DA:26,8
DA:28,2
DA:29,6
DA:31,2
DA:32,6
DA:33,6
DA:34,12
DA:35,8
DA:36,4
DA:40,2
DA:42,2
DA:43,2
DA:47,2
DA:48,2
DA:49,12
DA:52,1
DA:53,1
DA:57,2
LF:26
LH:25
end_of_record
TN:
SF:lib/app/data/models/money_objects/securities/security.dart
FNF:0
FNH:0
DA:28,2
DA:39,4
DA:40,4
DA:41,4
DA:42,6
DA:43,6
DA:44,4
DA:45,4
DA:46,4
DA:47,4
DA:51,2
DA:52,2
DA:54,4
DA:56,2
DA:58,2
DA:60,2
DA:62,2
DA:64,2
DA:66,2
DA:68,2
DA:70,2
DA:76,2
DA:82,3
DA:87,3
DA:94,3
DA:95,3
DA:101,3
DA:106,0
DA:107,2
DA:115,3
DA:116,4
DA:124,3
DA:125,3
DA:126,0
DA:127,0
DA:136,3
DA:144,3
DA:145,4
DA:146,0
DA:151,1
DA:152,4
DA:153,4
DA:154,1
DA:177,1
DA:178,3
DA:179,3
DA:180,1
DA:182,1
DA:183,3
DA:184,1
DA:186,3
DA:188,1
DA:193,1
DA:194,2
DA:202,3
DA:203,3
DA:204,0
DA:205,0
DA:214,3
DA:215,1
DA:216,3
DA:223,0
DA:224,0
DA:225,0
DA:233,0
DA:234,0
DA:237,0
DA:239,0
DA:240,0
DA:241,0
DA:242,0
DA:245,0
DA:246,0
DA:251,1
DA:252,2
DA:254,2
DA:255,4
DA:257,1
DA:258,2
DA:260,3
DA:262,1
DA:263,2
DA:264,2
DA:265,3
DA:266,1
DA:267,1
DA:268,1
DA:269,1
DA:270,1
DA:271,1
DA:272,1
DA:273,1
DA:274,1
DA:275,1
DA:276,1
DA:277,1
DA:278,1
DA:279,1
DA:282,1
DA:285,1
DA:286,2
DA:287,1
DA:288,2
DA:289,1
DA:290,1
DA:291,1
DA:292,1
DA:293,1
DA:294,1
DA:295,1
DA:296,1
DA:297,1
DA:298,1
DA:299,1
DA:300,1
DA:304,2
DA:305,15
DA:307,1
DA:308,1
DA:309,2
DA:314,7
LF:121
LH:103
end_of_record
TN:
SF:lib/app/data/models/money_objects/splits/money_split.dart
FNF:0
FNH:0
DA:24,1
DA:44,2
DA:45,2
DA:46,2
DA:47,2
DA:48,3
DA:49,2
DA:50,2
DA:51,2
DA:52,2
DA:55,1
DA:56,1
DA:58,2
DA:60,2
DA:62,2
DA:64,2
DA:66,1
DA:68,2
DA:70,1
DA:72,1
DA:74,1
DA:81,3
DA:87,0
DA:95,1
DA:96,5
DA:104,0
DA:109,0
DA:115,3
DA:123,1
DA:124,5
DA:130,0
DA:139,1
DA:140,2
DA:142,1
DA:143,2
DA:145,1
DA:146,2
DA:148,3
DA:150,1
DA:151,2
DA:152,2
DA:153,3
DA:154,1
DA:155,1
DA:156,1
DA:157,1
DA:160,1
DA:163,0
DA:164,0
LF:49
LH:43
end_of_record
TN:
SF:lib/app/data/models/money_objects/splits/splits.dart
FNF:0
FNH:0
DA:8,6
DA:9,6
DA:12,1
DA:14,1
DA:18,5
DA:20,2
DA:24,2
DA:26,2
DA:27,2
DA:28,0
DA:29,0
DA:31,0
DA:33,0
DA:35,0
DA:37,0
DA:39,0
DA:41,0
DA:43,0
DA:45,0
DA:47,0
DA:51,4
DA:54,2
DA:56,2
DA:57,2
LF:24
LH:13
end_of_record
TN:
SF:lib/app/data/models/money_objects/stock_splits/stock_split.dart
FNF:0
FNH:0
DA:15,2
DA:21,4
DA:22,4
DA:23,4
DA:24,4
DA:28,1
DA:29,1
DA:30,1
DA:31,1
DA:32,1
DA:33,1
DA:34,4
DA:40,3
DA:41,1
DA:42,3
DA:48,0
DA:49,3
DA:53,0
DA:54,2
DA:60,0
DA:61,3
DA:67,0
DA:68,3
DA:72,1
DA:73,2
DA:75,1
DA:77,5
DA:80,0
DA:82,0
DA:85,2
DA:86,4
DA:88,2
DA:89,4
DA:91,3
DA:93,1
DA:94,2
DA:95,2
DA:96,3
DA:97,1
DA:98,1
DA:99,1
DA:100,1
DA:101,1
DA:104,1
LF:44
LH:38
end_of_record
TN:
SF:lib/app/data/models/money_objects/stock_splits/stock_splits.dart
FNF:0
FNH:0
DA:11,6
DA:12,6
DA:15,2
DA:17,2
DA:18,2
DA:19,0
DA:23,2
DA:25,2
DA:26,2
DA:30,1
DA:31,6
DA:32,2
DA:33,1
DA:37,2
DA:38,2
DA:39,3
DA:40,5
DA:41,1
DA:44,2
DA:45,0
DA:52,1
DA:54,3
DA:55,2
DA:56,1
DA:57,0
DA:60,1
LF:26
LH:23
end_of_record
TN:
SF:lib/app/data/models/money_objects/transaction_extras/transaction_extra.dart
FNF:0
FNH:0
DA:13,1
DA:23,2
DA:24,2
DA:25,2
DA:26,2
DA:32,0
DA:38,0
DA:44,0
DA:50,0
DA:53,1
DA:54,2
DA:56,0
DA:57,0
LF:13
LH:7
end_of_record
TN:
SF:lib/app/data/models/money_objects/transaction_extras/transaction_extras.dart
FNF:0
FNH:0
DA:9,6
DA:10,6
DA:13,3
DA:15,3
DA:17,4
DA:18,1
DA:20,2
DA:22,2
DA:24,1
DA:26,1
DA:29,1
DA:31,6
DA:34,0
DA:35,0
DA:36,0
LF:15
LH:12
end_of_record
TN:
SF:lib/app/data/models/money_objects/transactions/transaction.dart
FNF:0
FNH:0
DA:34,1
DA:40,2
DA:41,2
DA:42,2
DA:43,3
DA:46,1
DA:47,2
DA:49,4
DA:51,4
DA:52,6
DA:54,4
DA:56,4
DA:58,3
DA:60,4
DA:62,3
DA:64,3
DA:66,3
DA:68,3
DA:70,4
DA:72,3
DA:74,3
DA:77,4
DA:79,4
DA:81,4
DA:83,3
DA:86,1
DA:103,1
DA:104,5
DA:105,3
DA:114,2
DA:115,3
DA:116,1
DA:118,4
DA:119,1
DA:120,3
DA:121,2
DA:122,3
DA:123,3
DA:137,2
DA:138,4
DA:141,2
DA:142,3
DA:143,3
DA:154,2
DA:155,1
DA:156,1
DA:166,2
DA:167,2
DA:170,2
DA:171,1
DA:172,1
DA:182,2
DA:183,2
DA:185,2
DA:186,2
DA:200,1
DA:202,4
DA:203,1
DA:204,3
DA:206,0
DA:208,0
DA:210,0
DA:211,0
DA:212,0
DA:215,0
DA:217,0
DA:218,0
DA:220,0
DA:225,3
DA:226,1
DA:230,5
DA:233,2
DA:234,3
DA:235,1
DA:236,2
DA:237,1
DA:238,1
DA:240,5
DA:241,1
DA:243,3
DA:245,1
DA:258,2
DA:259,1
DA:260,1
DA:261,1
DA:271,3
DA:272,2
DA:273,2
DA:275,1
DA:276,1
DA:278,1
DA:279,1
DA:281,3
DA:282,1
DA:287,1
DA:288,3
DA:289,1
DA:290,1
DA:298,3
DA:299,3
DA:308,0
DA:309,3
DA:315,2
DA:323,3
DA:324,3
DA:325,0
DA:334,1
DA:335,3
DA:344,3
DA:345,3
DA:354,3
DA:355,3
DA:364,1
DA:365,2
DA:379,2
DA:380,1
DA:381,1
DA:384,1
DA:385,1
DA:387,3
DA:388,0
DA:390,0
DA:391,0
DA:396,0
DA:397,0
DA:398,0
DA:401,1
DA:402,1
DA:405,1
DA:406,4
DA:409,5
DA:410,1
DA:411,3
DA:412,0
DA:420,0
DA:422,0
DA:423,0
DA:424,0
DA:427,0
DA:429,0
DA:431,0
DA:435,0
DA:436,0
DA:437,0
DA:439,0
DA:441,0
DA:447,0
DA:448,0
DA:452,0
DA:464,2
DA:465,2
DA:467,2
DA:468,2
DA:477,3
DA:478,4
DA:479,0
DA:480,0
DA:481,0
DA:496,2
DA:497,4
DA:498,0
DA:499,2
DA:500,3
DA:501,3
DA:513,0
DA:514,3
DA:523,0
DA:524,3
DA:539,0
DA:541,0
DA:542,0
DA:543,0
DA:544,0
DA:545,0
DA:550,1
DA:551,2
DA:553,1
DA:555,1
DA:558,1
DA:560,1
DA:561,0
DA:563,2
DA:564,1
DA:567,2
DA:569,2
DA:570,2
DA:572,1
DA:575,1
DA:576,2
DA:578,1
DA:579,2
DA:581,3
DA:583,4
DA:585,0
DA:587,6
DA:589,0
DA:591,0
DA:594,0
DA:595,0
DA:598,0
DA:606,1
DA:607,5
DA:614,0
DA:618,1
DA:619,2
DA:620,1
DA:647,4
DA:648,0
DA:651,4
DA:652,0
DA:659,0
DA:660,0
DA:661,0
DA:662,0
DA:667,0
DA:668,0
DA:674,1
DA:675,5
DA:679,3
DA:682,4
DA:684,1
DA:685,2
DA:686,2
DA:687,2
DA:688,1
DA:689,1
DA:690,1
DA:691,1
DA:692,1
DA:693,1
DA:694,1
DA:695,1
DA:696,1
DA:697,1
DA:698,1
DA:699,1
DA:700,1
DA:701,1
DA:702,1
DA:703,1
DA:704,1
DA:705,1
DA:706,1
DA:707,1
DA:708,1
DA:709,1
DA:710,1
DA:711,1
DA:715,1
DA:718,1
DA:719,2
DA:720,1
DA:721,1
DA:722,1
DA:723,1
DA:724,1
DA:725,1
DA:726,1
DA:727,1
DA:728,1
DA:729,1
DA:730,1
DA:731,1
DA:732,1
DA:737,0
DA:739,0
DA:742,0
DA:745,1
DA:747,4
DA:750,3
DA:753,1
DA:754,1
DA:755,5
DA:756,1
DA:757,2
DA:760,1
DA:763,1
DA:764,1
DA:765,3
DA:769,1
DA:771,0
DA:774,1
DA:778,1
DA:779,2
DA:784,5
DA:786,1
DA:789,1
DA:790,0
DA:792,1
DA:793,2
DA:797,1
DA:799,6
DA:800,1
DA:803,1
DA:804,1
DA:807,1
DA:808,2
DA:809,0
DA:810,0
DA:812,1
DA:815,1
DA:816,1
DA:819,1
DA:820,3
DA:824,1
DA:825,2
DA:826,3
DA:834,3
DA:836,5
DA:838,1
DA:839,1
DA:841,2
DA:842,3
DA:848,6
DA:858,0
DA:939,0
DA:941,1
DA:947,1
DA:948,0
DA:950,3
DA:953,1
DA:954,1
DA:955,2
DA:956,2
DA:960,1
DA:961,3
DA:967,0
DA:968,0
DA:969,0
DA:973,1
DA:974,1
DA:975,1
DA:978,4
DA:979,0
DA:980,0
DA:982,0
DA:985,0
DA:987,0
DA:989,0
DA:990,0
DA:993,0
DA:994,0
DA:995,0
DA:997,0
DA:1001,0
DA:1003,0
LF:346
LH:259
end_of_record
TN:
SF:lib/app/data/models/money_objects/transactions/transaction_types.dart
FNF:0
FNH:0
DA:9,1
DA:11,1
DA:13,0
DA:15,0
DA:17,0
DA:19,0
LF:6
LH:2
end_of_record
TN:
SF:lib/app/data/models/money_objects/transactions/transactions.dart
FNF:0
FNH:0
DA:16,6
DA:17,6
DA:24,2
DA:26,2
DA:28,2
DA:30,2
DA:31,0
DA:32,0
DA:33,0
DA:38,3
DA:42,3
DA:44,3
DA:45,4
DA:46,4
DA:47,1
DA:48,2
DA:49,1
DA:50,2
DA:59,6
DA:60,6
DA:62,4
DA:64,4
DA:66,1
DA:67,2
DA:68,1
DA:70,1
DA:71,2
DA:76,4
DA:77,3
DA:78,4
DA:82,2
DA:83,1
DA:85,3
DA:106,2
DA:107,1
DA:112,0
DA:116,1
DA:120,0
DA:121,0
DA:127,4
DA:129,1
DA:136,6
DA:137,6
DA:140,2
DA:142,2
DA:143,2
DA:147,3
DA:148,4
DA:149,1
DA:154,1
DA:159,3
DA:160,5
DA:161,4
DA:162,3
DA:170,0
DA:171,0
DA:172,0
DA:173,0
DA:174,0
DA:177,0
DA:179,0
DA:182,0
DA:183,0
DA:184,0
DA:185,0
DA:189,0
DA:190,0
DA:197,1
DA:200,1
DA:201,2
DA:202,1
DA:203,0
DA:204,0
DA:205,0
DA:206,0
DA:207,0
DA:210,1
DA:216,3
DA:219,3
DA:220,4
DA:221,1
DA:222,6
DA:223,2
DA:224,5
DA:225,4
DA:226,8
DA:227,4
DA:228,4
DA:229,4
DA:231,1
DA:234,1
DA:241,1
DA:246,2
DA:247,1
DA:248,4
DA:250,0
DA:251,0
DA:255,1
DA:258,1
DA:259,2
DA:260,4
DA:261,5
DA:264,5
LF:103
LH:77
end_of_record
TN:
SF:lib/app/data/models/money_objects/transfers/transfer.dart
FNF:0
FNH:0
DA:9,1
DA:20,1
DA:21,2
DA:36,1
DA:37,4
DA:44,2
DA:52,2
DA:62,2
DA:70,2
DA:78,2
DA:85,2
DA:93,1
DA:94,4
DA:101,4
DA:111,2
DA:114,1
DA:115,2
DA:117,1
DA:118,1
DA:119,1
DA:120,2
DA:123,1
DA:124,2
DA:126,1
DA:127,2
DA:128,1
DA:129,1
DA:130,1
DA:131,1
DA:132,1
DA:133,1
DA:134,1
DA:135,1
DA:136,1
DA:137,1
DA:143,1
DA:144,3
DA:147,1
DA:148,5
DA:149,1
DA:150,4
DA:155,1
DA:156,3
DA:159,1
DA:160,1
DA:163,1
DA:165,1
DA:166,0
DA:168,2
DA:170,1
DA:171,0
DA:172,0
DA:174,0
DA:179,3
DA:181,4
DA:183,0
DA:185,1
DA:186,1
DA:187,3
DA:196,1
DA:197,2
DA:202,1
DA:203,3
DA:208,1
DA:209,1
DA:217,1
DA:218,2
DA:225,2
LF:68
LH:63
end_of_record
TN:
SF:lib/app/data/storage/data/data.dart
FNF:0
FNH:0
DA:52,6
DA:53,6
DA:57,6
DA:58,12
DA:59,6
DA:60,6
DA:61,6
DA:62,6
DA:63,6
DA:64,6
DA:65,6
DA:66,6
DA:67,6
DA:69,6
DA:71,6
DA:72,6
DA:73,6
DA:75,6
DA:78,6
DA:79,6
DA:134,18
DA:136,3
DA:137,3
DA:138,3
DA:139,0
DA:140,0
DA:147,0
DA:148,0
DA:150,0
DA:151,0
DA:155,1
DA:156,2
DA:157,1
DA:161,0
DA:191,1
DA:192,1
DA:194,2
DA:195,3
DA:199,1
DA:200,2
DA:201,2
DA:207,2
DA:210,3
DA:212,3
DA:213,6
DA:214,3
DA:215,0
DA:220,0
DA:221,0
DA:223,0
DA:226,0
DA:227,0
DA:228,0
DA:229,0
DA:234,1
DA:235,1
DA:237,2
DA:238,1
DA:239,1
DA:240,1
DA:241,2
DA:242,2
DA:243,1
DA:249,1
DA:250,2
DA:251,1
DA:254,1
DA:258,4
DA:259,0
DA:263,3
DA:264,1
DA:265,1
DA:266,3
DA:267,3
DA:269,4
DA:273,1
DA:274,1
DA:275,2
DA:279,8
DA:280,4
DA:281,4
DA:282,4
DA:283,4
DA:315,0
DA:317,0
DA:318,0
DA:320,0
DA:322,0
DA:323,0
DA:325,0
DA:327,0
DA:328,0
DA:331,0
DA:333,0
DA:338,0
DA:339,0
DA:344,0
DA:350,1
DA:354,1
DA:359,4
DA:361,1
DA:369,0
DA:378,1
DA:380,6
DA:381,4
DA:382,1
DA:384,3
DA:386,2
DA:388,0
DA:396,6
DA:397,3
DA:398,1
DA:405,3
DA:411,3
DA:412,3
DA:413,9
DA:414,2
DA:416,2
DA:417,1
DA:418,3
DA:420,3
DA:422,2
DA:423,4
DA:425,8
DA:427,2
DA:428,6
DA:434,2
DA:439,3
DA:440,6
DA:441,3
DA:445,3
DA:448,0
DA:449,0
DA:450,0
DA:475,0
DA:512,2
DA:513,2
DA:514,4
DA:517,1
DA:523,1
DA:526,2
LF:141
LH:105
end_of_record
TN:
SF:lib/app/data/storage/data/data_extension_csv.dart
FNF:0
FNH:0
DA:7,0
DA:13,0
DA:14,0
DA:16,0
DA:17,0
DA:18,0
DA:20,0
DA:23,1
DA:25,2
DA:26,1
DA:27,1
DA:29,3
DA:32,1
DA:33,2
DA:34,1
DA:36,1
DA:37,2
DA:38,1
DA:40,1
DA:41,2
DA:42,1
DA:44,1
DA:45,2
DA:46,1
DA:48,1
DA:49,2
DA:50,1
DA:52,1
DA:53,2
DA:54,1
DA:56,1
DA:57,2
DA:58,1
DA:60,1
DA:61,2
DA:62,1
DA:64,1
DA:65,2
DA:66,1
DA:68,1
DA:69,2
DA:70,1
DA:72,1
DA:73,2
DA:74,1
DA:76,1
DA:77,2
DA:78,1
DA:80,1
DA:81,2
DA:82,1
DA:84,1
DA:85,2
DA:86,1
DA:88,1
DA:89,2
DA:90,1
DA:97,1
DA:99,1
DA:100,1
DA:102,1
DA:105,0
DA:110,1
DA:111,2
DA:112,1
DA:113,0
DA:117,1
DA:118,1
DA:121,1
DA:123,1
DA:127,2
DA:129,2
DA:132,2
DA:134,4
DA:138,2
DA:139,6
DA:140,6
DA:141,6
DA:142,6
DA:143,6
DA:144,6
DA:145,6
DA:146,6
DA:147,6
DA:148,6
DA:149,6
DA:150,6
DA:151,6
DA:152,6
DA:153,6
DA:154,2
DA:157,4
DA:159,6
DA:162,2
DA:167,2
DA:168,6
LF:96
LH:87
end_of_record
TN:
SF:lib/app/data/storage/data/data_extension_demo.dart
FNF:0
FNH:0
DA:4,1
DA:5,2
DA:6,1
LF:3
LH:3
end_of_record
TN:
SF:lib/app/data/storage/data/data_extension_sql.dart
FNF:0
FNH:0
DA:4,1
DA:9,1
DA:11,0
DA:13,1
DA:15,1
DA:17,3
DA:18,3
DA:19,3
DA:20,3
DA:21,3
DA:22,3
DA:23,3
DA:24,3
DA:25,3
DA:26,3
DA:27,3
DA:28,3
DA:29,3
DA:31,3
DA:32,3
DA:34,3
DA:37,1
DA:43,1
DA:48,1
DA:49,2
DA:52,2
DA:53,2
DA:54,2
DA:55,2
DA:56,2
DA:57,0
DA:58,0
DA:59,0
DA:60,0
DA:61,0
DA:62,0
DA:63,0
DA:64,0
DA:66,0
DA:67,0
DA:68,0
DA:70,0
DA:72,2
DA:76,0
LF:44
LH:30
end_of_record
TN:
SF:lib/app/data/storage/data/data_mutations.dart
FNF:0
FNH:0
DA:10,3
DA:15,3
DA:16,6
DA:17,6
DA:18,6
DA:22,0
DA:23,0
DA:26,0
DA:27,0
DA:30,1
DA:31,1
DA:32,2
DA:33,2
DA:34,2
DA:37,3
DA:38,9
DA:41,0
LF:17
LH:12
end_of_record
TN:
SF:lib/app/data/storage/data/data_simulator.dart
FNF:0
FNH:0
DA:64,1
DA:65,2
DA:66,1
DA:67,1
DA:68,1
DA:69,1
DA:70,1
DA:71,1
DA:72,1
DA:74,1
DA:75,1
DA:76,1
DA:77,1
DA:79,1
DA:80,1
DA:82,1
DA:83,1
DA:87,0
DA:88,0
DA:89,0
DA:92,0
DA:93,0
DA:94,0
DA:95,0
DA:101,1
DA:102,2
DA:104,2
DA:105,1
DA:106,1
DA:107,1
DA:108,1
DA:109,1
DA:110,1
DA:111,1
DA:114,1
DA:115,1
DA:116,1
DA:117,1
DA:118,1
DA:119,1
DA:122,1
DA:123,1
DA:124,1
DA:125,1
DA:126,1
DA:127,1
DA:130,1
DA:132,1
DA:134,2
DA:135,2
DA:137,1
DA:138,1
DA:140,5
DA:141,1
DA:143,2
DA:145,1
DA:147,5
DA:152,1
DA:161,3
DA:163,2
DA:164,2
DA:165,1
DA:167,1
DA:168,1
DA:169,1
DA:177,1
DA:178,5
DA:179,1
DA:183,1
DA:184,4
DA:185,5
DA:186,4
DA:190,1
DA:198,1
DA:199,1
DA:201,3
DA:203,1
DA:205,2
DA:207,3
DA:209,1
DA:213,1
DA:214,2
DA:216,6
DA:219,3
DA:220,1
DA:221,1
DA:222,1
DA:226,1
DA:232,1
DA:233,2
DA:240,2
DA:241,3
DA:243,0
DA:250,1
DA:251,1
DA:252,1
DA:255,1
DA:259,1
DA:264,4
DA:268,1
DA:269,1
DA:271,1
DA:272,2
DA:279,1
DA:280,3
DA:281,2
DA:288,3
DA:289,2
DA:299,1
DA:300,2
DA:301,1
DA:304,1
DA:309,2
DA:310,1
DA:313,1
DA:318,1
DA:319,1
DA:320,2
DA:322,4
DA:323,1
DA:324,1
DA:325,1
DA:330,1
DA:334,2
DA:335,1
DA:338,1
DA:342,2
DA:343,1
DA:346,1
DA:349,2
DA:350,1
DA:353,1
DA:358,3
DA:359,1
DA:360,1
DA:367,3
DA:368,4
DA:369,3
DA:370,4
DA:374,1
DA:375,3
DA:376,1
DA:377,1
DA:380,1
DA:384,3
DA:385,1
DA:386,1
DA:389,1
DA:393,3
DA:394,1
DA:395,1
DA:398,1
DA:405,1
DA:408,4
DA:413,4
DA:414,2
DA:419,3
DA:420,2
DA:426,4
DA:427,2
DA:432,4
DA:433,2
DA:438,4
DA:439,2
DA:447,4
DA:453,4
DA:454,2
DA:459,4
DA:460,2
DA:468,4
DA:474,4
DA:475,2
DA:480,4
DA:481,2
DA:486,4
DA:487,2
DA:495,4
DA:496,2
DA:503,4
DA:504,2
DA:508,4
DA:509,2
DA:516,3
DA:523,4
DA:528,3
DA:537,3
DA:544,4
DA:545,1
DA:550,4
DA:555,4
DA:561,3
DA:569,3
DA:574,3
DA:577,3
DA:580,3
DA:587,1
DA:588,1
DA:589,1
DA:590,1
DA:597,1
DA:598,1
DA:605,1
DA:606,1
DA:613,1
DA:614,1
DA:621,1
DA:622,1
DA:626,1
DA:630,2
DA:631,4
DA:636,1
DA:637,1
DA:640,3
DA:643,3
DA:646,3
DA:650,1
DA:652,1
DA:658,1
DA:659,1
DA:660,1
DA:661,2
DA:662,3
DA:663,1
DA:667,1
DA:669,2
DA:670,1
DA:674,1
DA:675,1
DA:676,1
DA:677,1
DA:685,1
DA:687,3
DA:688,1
DA:689,1
DA:690,2
DA:692,1
DA:699,1
DA:700,1
DA:702,4
DA:710,1
DA:712,4
DA:713,1
DA:717,1
DA:724,3
DA:725,2
DA:733,1
DA:734,4
DA:735,1
DA:739,3
DA:740,3
DA:741,3
DA:742,3
DA:743,3
DA:748,4
DA:749,1
DA:756,1
DA:767,1
DA:768,3
DA:769,1
DA:770,1
DA:776,1
DA:778,1
DA:781,3
DA:782,1
DA:783,1
DA:789,1
DA:791,1
DA:795,3
DA:796,2
DA:806,1
DA:807,6
DA:810,1
DA:811,1
DA:813,1
DA:814,2
DA:815,1
DA:816,2
DA:821,1
DA:822,1
DA:824,1
DA:825,2
DA:826,1
DA:827,2
DA:832,1
DA:833,1
DA:835,1
DA:837,1
DA:838,2
DA:843,1
DA:844,1
DA:846,1
DA:848,1
DA:849,2
DA:855,1
DA:856,2
DA:857,1
DA:858,1
DA:860,1
DA:862,1
DA:863,2
DA:868,2
DA:869,1
DA:870,1
DA:872,1
DA:873,1
DA:874,1
DA:875,2
DA:880,1
DA:881,2
DA:882,4
DA:884,1
DA:885,2
DA:887,1
DA:889,4
DA:890,1
DA:891,1
DA:894,3
DA:895,3
DA:899,2
DA:900,2
DA:901,1
DA:903,2
DA:905,1
DA:906,2
DA:910,2
DA:912,1
DA:913,1
DA:915,1
DA:916,2
DA:917,1
DA:920,1
DA:922,1
DA:924,1
DA:925,1
DA:927,1
DA:928,2
DA:934,1
DA:935,1
DA:937,1
DA:938,2
DA:939,1
DA:943,2
DA:944,1
DA:945,1
DA:946,1
DA:947,1
DA:948,2
DA:958,1
DA:961,2
DA:963,7
DA:964,4
DA:966,2
DA:967,5
DA:968,1
DA:969,1
DA:970,1
DA:971,3
DA:976,3
DA:978,4
DA:983,1
DA:984,3
DA:985,3
DA:987,2
DA:988,3
DA:994,2
DA:995,1
DA:996,1
DA:997,1
DA:999,1
DA:1000,4
DA:1001,1
DA:1002,2
DA:1005,1
DA:1007,2
DA:1010,1
DA:1011,1
DA:1013,1
DA:1014,4
DA:1015,1
DA:1016,2
DA:1019,1
DA:1020,1
DA:1021,2
DA:1022,1
DA:1023,2
DA:1024,1
DA:1025,1
DA:1030,3
DA:1032,1
DA:1033,1
DA:1035,1
DA:1036,2
DA:1037,1
DA:1038,1
DA:1043,3
DA:1049,1
DA:1060,3
DA:1061,1
DA:1064,1
DA:1065,1
DA:1068,1
DA:1069,1
DA:1070,2
DA:1078,1
DA:1080,3
DA:1084,1
DA:1085,3
DA:1086,1
DA:1089,1
DA:1095,1
DA:1097,1
DA:1098,3
DA:1100,4
DA:1101,1
DA:1106,1
DA:1107,1
DA:1109,1
DA:1110,3
DA:1112,4
DA:1115,2
DA:1116,2
DA:1117,2
DA:1118,1
DA:1124,1
DA:1125,1
DA:1126,6
DA:1129,1
DA:1130,1
DA:1131,1
DA:1134,1
DA:1142,1
DA:1150,2
DA:1152,1
LF:433
LH:425
end_of_record
TN:
SF:lib/app/data/storage/database/database_sql.dart
FNF:0
FNH:0
DA:12,0
DA:13,0
DA:16,1
DA:17,2
DA:20,1
DA:21,1
DA:207,1
DA:208,2
DA:209,5
DA:210,3
DA:213,1
DA:214,2
DA:215,3
DA:217,3
DA:218,2
DA:227,1
DA:228,2
DA:232,0
DA:234,0
DA:236,0
DA:237,0
LF:21
LH:15
end_of_record
TN:
SF:lib/app/data/storage/get_stock_from_cache_or_backend.dart
FNF:0
FNH:0
DA:13,1
DA:22,2
DA:32,2
DA:35,2
DA:37,2
DA:39,4
DA:41,2
DA:47,2
DA:48,2
DA:49,4
DA:50,0
DA:52,2
DA:53,2
DA:54,2
DA:55,1
DA:56,1
DA:57,0
DA:72,2
DA:76,2
DA:81,6
DA:82,3
DA:84,2
DA:86,3
DA:87,1
DA:88,0
DA:96,2
DA:98,6
DA:99,2
DA:102,2
DA:103,2
DA:104,1
DA:105,2
DA:106,2
DA:108,2
DA:114,0
DA:117,2
DA:120,2
DA:122,6
DA:124,1
DA:127,2
DA:130,4
DA:132,1
DA:134,1
DA:135,2
DA:139,1
DA:141,2
DA:143,0
DA:144,0
DA:146,0
DA:150,0
DA:152,0
DA:156,0
DA:159,0
DA:162,0
DA:166,0
DA:168,0
DA:169,0
DA:171,0
DA:172,0
DA:173,0
DA:175,0
DA:179,0
DA:180,0
DA:183,0
DA:186,3
DA:191,1
DA:196,1
DA:197,0
DA:200,3
DA:201,5
DA:204,0
DA:205,0
LF:72
LH:47
end_of_record
TN:
SF:lib/app/data/storage/import/import_data.dart
FNF:0
FNH:0
DA:24,3
DA:39,1
DA:40,1
DA:42,1
DA:65,0
DA:66,0
DA:67,0
DA:69,0
DA:70,0
DA:72,0
DA:76,0
DA:80,0
DA:82,0
DA:84,0
DA:89,0
DA:90,0
DA:92,0
DA:94,0
DA:97,0
DA:104,0
DA:108,0
DA:114,0
DA:117,0
DA:118,0
DA:119,0
DA:120,0
DA:121,0
DA:122,0
DA:128,0
DA:130,0
DA:132,0
DA:133,0
DA:134,0
DA:140,0
DA:146,0
DA:147,0
DA:148,0
DA:149,0
DA:150,0
DA:152,0
DA:153,0
DA:154,0
DA:156,0
DA:159,0
DA:161,0
LF:45
LH:4
end_of_record
TN:
SF:lib/app/data/storage/import/import_qfx.dart
FNF:0
FNH:0
DA:13,0
DA:17,0
DA:19,0
DA:24,1
DA:25,1
DA:27,1
DA:29,2
DA:31,1
DA:32,5
DA:33,2
DA:34,1
DA:36,0
DA:45,1
DA:56,1
DA:57,3
DA:58,3
DA:59,3
DA:64,1
DA:65,1
DA:66,1
DA:67,1
DA:68,5
DA:70,0
DA:71,0
DA:73,0
DA:74,0
DA:76,0
DA:77,0
DA:79,0
DA:80,0
DA:81,0
DA:83,0
DA:84,0
DA:85,0
DA:86,0
DA:87,0
DA:88,0
DA:89,0
DA:90,0
DA:91,0
DA:92,0
DA:93,0
DA:94,0
DA:96,0
DA:99,0
DA:100,0
DA:106,2
DA:107,2
DA:109,2
DA:111,2
DA:117,2
DA:118,4
DA:120,2
DA:124,0
DA:127,2
DA:128,2
DA:130,4
DA:131,2
DA:133,2
DA:139,2
DA:140,2
DA:141,2
DA:142,2
DA:143,2
DA:145,1
DA:146,2
DA:147,2
DA:149,2
DA:150,2
DA:151,2
DA:152,2
DA:154,2
DA:161,2
DA:166,2
DA:167,4
DA:168,2
DA:169,2
DA:174,2
DA:175,4
DA:176,2
DA:179,2
DA:180,4
DA:181,2
DA:183,4
DA:184,2
DA:186,2
DA:189,0
DA:192,0
DA:196,0
DA:197,0
DA:198,0
DA:200,0
LF:92
LH:57
end_of_record
TN:
SF:lib/app/data/storage/import/import_qif.dart
FNF:0
FNH:0
DA:14,0
DA:18,0
DA:20,0
DA:21,0
DA:22,0
DA:23,0
DA:24,0
DA:26,0
DA:27,0
DA:28,0
DA:32,1
DA:33,1
DA:35,1
DA:37,2
DA:38,1
DA:41,2
DA:43,1
DA:46,2
DA:47,1
DA:48,1
DA:50,1
DA:52,1
DA:53,1
DA:56,1
DA:60,1
DA:61,1
DA:62,3
DA:64,1
DA:65,1
DA:67,2
DA:69,1
DA:71,2
DA:73,1
DA:75,2
DA:77,1
DA:79,2
DA:81,1
DA:83,2
DA:85,1
DA:86,1
DA:87,2
LF:41
LH:31
end_of_record
TN:
SF:lib/app/data/storage/import/import_transactions_from_text.dart
FNF:0
FNH:0
DA:14,1
DA:20,3
DA:22,1
DA:24,1
DA:26,1
DA:28,1
DA:29,1
DA:30,0
DA:33,1
DA:35,2
DA:36,1
DA:37,1
DA:39,3
DA:40,2
DA:41,2
DA:43,1
DA:46,1
DA:48,2
DA:51,2
DA:57,1
DA:61,1
DA:63,1
DA:64,1
DA:65,1
DA:66,1
DA:69,0
DA:71,0
DA:73,1
DA:74,2
DA:83,1
DA:89,3
DA:91,1
DA:92,3
DA:93,4
DA:94,4
DA:95,2
DA:96,3
DA:102,1
DA:106,1
DA:107,0
DA:114,2
DA:115,3
DA:117,2
DA:119,1
LF:44
LH:40
end_of_record
TN:
SF:lib/app/data/storage/import/import_transactions_panel.dart
FNF:0
FNH:0
DA:16,1
DA:29,1
DA:30,1
DA:34,3
DA:64,1
DA:66,1
DA:67,3
DA:68,3
DA:69,3
DA:72,1
DA:74,1
DA:75,2
DA:76,1
DA:79,1
DA:81,1
DA:83,1
DA:84,1
DA:86,1
DA:88,1
DA:90,1
DA:91,1
DA:92,1
DA:93,4
DA:94,2
DA:95,1
DA:96,2
DA:97,1
DA:98,1
DA:107,2
DA:108,1
DA:110,1
DA:111,1
DA:112,1
DA:114,1
DA:115,1
DA:116,1
DA:121,1
DA:122,1
DA:125,1
DA:127,1
DA:128,1
DA:129,2
DA:130,1
DA:139,1
DA:140,1
DA:141,1
DA:142,4
DA:143,2
DA:145,1
DA:149,2
DA:150,3
DA:153,0
DA:154,0
DA:157,0
DA:158,0
DA:162,1
DA:163,3
DA:165,1
DA:168,0
DA:169,0
DA:170,0
DA:172,0
DA:174,0
DA:176,0
DA:179,0
DA:180,0
DA:181,0
DA:182,0
DA:183,0
DA:189,1
DA:190,2
DA:194,6
DA:196,1
DA:198,1
DA:199,3
DA:203,0
DA:204,0
DA:207,0
DA:208,0
DA:209,0
DA:211,0
DA:212,0
DA:214,0
DA:217,0
DA:218,0
DA:219,0
DA:220,0
DA:221,0
DA:227,1
DA:228,1
DA:239,1
DA:240,0
DA:241,0
DA:242,0
DA:243,0
DA:249,1
DA:250,1
DA:253,1
DA:254,1
DA:256,3
DA:258,1
DA:259,1
DA:260,1
DA:261,1
DA:262,0
DA:263,0
DA:264,0
DA:265,0
DA:266,0
LF:109
LH:72
end_of_record
TN:
SF:lib/app/data/storage/import/import_wizard.dart
FNF:0
FNH:0
DA:11,1
DA:15,1
DA:19,1
DA:21,1
DA:22,1
DA:25,0
DA:26,0
DA:27,0
DA:30,1
DA:31,1
DA:35,1
DA:36,2
DA:37,1
DA:45,0
DA:48,0
DA:50,0
DA:51,0
DA:52,0
DA:53,0
DA:54,0
DA:55,0
LF:21
LH:10
end_of_record
TN:
SF:lib/app/modules/home/home_binding.dart
FNF:0
FNH:0
DA:6,1
DA:8,2
DA:9,0
LF:3
LH:2
end_of_record
TN:
SF:lib/app/modules/home/home_page.dart
FNF:0
FNH:0
DA:25,0
DA:28,1
DA:30,1
DA:32,2
DA:33,1
DA:36,2
DA:38,1
DA:39,2
DA:40,1
DA:45,1
DA:46,2
DA:47,1
DA:49,1
DA:52,1
DA:57,1
DA:58,1
DA:61,1
DA:63,1
DA:64,1
DA:66,5
DA:67,1
DA:68,4
DA:70,1
DA:71,1
DA:72,2
DA:73,1
DA:81,1
DA:82,1
DA:83,1
DA:84,1
DA:85,1
DA:87,1
DA:89,5
DA:90,1
DA:91,4
DA:97,1
DA:98,3
DA:99,1
DA:100,1
DA:101,2
DA:104,1
DA:107,1
DA:110,1
DA:113,1
DA:116,1
DA:119,1
DA:122,1
DA:125,1
DA:128,1
DA:137,1
DA:138,3
LF:51
LH:50
end_of_record
TN:
SF:lib/app/modules/home/home_routes.dart
FNF:0
FNH:0
DA:7,0
DA:9,3
DA:10,1
DA:12,1
DA:13,1
LF:5
LH:4
end_of_record
TN:
SF:lib/app/modules/home/sub_views/adaptive_view/adaptable_view_with_list.dart
FNF:0
FNH:0
DA:9,1
DA:48,1
DA:50,1
DA:51,1
DA:52,1
DA:53,1
DA:54,1
DA:55,1
DA:58,1
DA:59,1
DA:61,2
DA:63,1
DA:64,1
DA:65,1
DA:70,1
DA:71,1
DA:73,3
DA:76,1
DA:77,1
DA:79,1
DA:80,1
DA:81,1
DA:82,1
DA:83,1
DA:88,1
DA:89,1
DA:90,1
DA:93,1
DA:94,1
DA:95,1
DA:96,1
DA:97,0
DA:102,1
DA:103,1
DA:104,1
DA:106,1
LF:36
LH:35
[...]
LF:59
LH:59
end_of_record
TN:
SF:lib/app/modules/home/sub_views/view_cashflow/sankey_panel.dart
FNF:0
FNH:0
DA:13,1
DA:18,2
DA:19,2
DA:21,2
DA:22,2
DA:23,1
DA:25,1
DA:30,1
DA:32,1
DA:33,2
DA:34,1
DA:35,1
DA:36,1
DA:38,1
DA:39,1
DA:40,2
DA:42,1
DA:43,1
DA:44,1
DA:45,1
DA:46,3
DA:54,1
DA:55,3
DA:56,1
DA:57,1
DA:61,2
DA:62,5
DA:64,2
DA:65,1
DA:66,1
DA:67,1
DA:68,5
DA:70,3
DA:71,2
DA:73,6
DA:75,1
DA:76,0
DA:77,5
DA:78,3
DA:79,2
DA:81,6
DA:84,0
DA:91,4
DA:93,2
DA:94,3
DA:95,1
DA:96,1
DA:100,4
DA:104,3
DA:105,2
DA:106,1
DA:107,3
DA:108,1
DA:113,4
DA:116,2
DA:117,3
DA:118,1
DA:119,1
DA:123,4
DA:127,3
DA:128,2
DA:129,1
DA:130,3
DA:131,1
DA:135,2
DA:136,2
DA:137,2
LF:67
LH:65
end_of_record
TN:
SF:lib/app/modules/home/sub_views/view_cashflow/view_cashflow.dart
FNF:0
FNH:0
DA:20,2
DA:22,2
DA:23,2
DA:25,0
DA:28,0
DA:31,0
DA:36,2
DA:54,0
DA:59,0
DA:62,2
DA:64,2
DA:65,4
DA:66,10
DA:67,10
DA:70,8
DA:71,8
DA:74,2
DA:76,2
DA:77,2
DA:78,2
DA:80,2
DA:82,4
DA:84,2
DA:85,2
DA:86,2
DA:87,10
DA:88,6
DA:89,4
DA:92,4
DA:93,2
DA:102,2
DA:103,2
DA:105,2
DA:106,2
DA:110,2
DA:111,2
DA:113,6
DA:120,2
DA:125,2
DA:126,8
DA:127,1
DA:129,3
DA:130,0
DA:131,0
DA:138,8
DA:139,1
DA:141,3
DA:142,0
DA:143,0
DA:148,6
DA:149,1
DA:151,1
DA:152,7
DA:153,7
DA:154,0
DA:155,0
DA:156,0
DA:157,0
DA:158,0
DA:159,0
DA:170,2
DA:171,2
DA:172,2
DA:173,2
DA:174,2
DA:177,2
DA:178,2
DA:181,2
DA:182,2
DA:185,2
DA:186,2
DA:190,8
DA:191,1
DA:192,4
DA:197,2
DA:198,6
DA:199,2
DA:202,3
DA:203,1
DA:204,1
DA:205,1
DA:206,1
DA:209,1
DA:210,1
DA:211,1
DA:212,1
DA:215,1
DA:216,1
DA:217,1
DA:218,1
DA:219,1
DA:220,3
DA:223,1
DA:224,1
DA:225,1
DA:226,1
DA:227,1
DA:228,3
LF:98
LH:83
end_of_record
TN:
SF:lib/app/modules/home/sub_views/view_categories/merge_categories.dart
FNF:0
FNH:0
DA:10,1
DA:17,1
DA:18,1
DA:24,3
DA:26,1
DA:28,1
DA:30,4
DA:31,6
DA:32,2
DA:37,1
DA:39,1
DA:42,1
DA:44,1
DA:46,1
DA:48,1
DA:49,6
DA:53,1
DA:54,1
DA:55,1
DA:57,1
DA:59,1
DA:60,1
DA:61,1
DA:62,2
DA:63,0
DA:64,0
DA:65,0
DA:74,1
DA:76,1
DA:83,0
DA:84,0
DA:86,0
DA:88,0
DA:89,0
DA:93,0
DA:94,0
DA:95,0
DA:101,1
DA:102,4
DA:103,3
DA:105,1
DA:106,1
DA:107,2
DA:111,0
DA:112,0
DA:115,0
DA:117,0
DA:118,0
DA:119,0
DA:120,0
DA:121,0
DA:122,0
DA:123,0
DA:128,0
DA:129,0
DA:135,0
DA:137,0
DA:138,0
DA:139,0
DA:140,0
DA:141,0
DA:142,0
DA:143,0
DA:148,0
DA:149,0
DA:150,0
DA:154,0
DA:155,0
DA:157,0
DA:161,0
DA:163,0
DA:175,0
DA:179,0
DA:180,0
DA:181,0
DA:183,0
LF:76
LH:32
end_of_record
TN:
SF:lib/app/modules/home/sub_views/view_categories/picker_category.dart
FNF:0
FNH:0
DA:8,1
DA:13,2
DA:15,1
DA:18,3
DA:20,1
DA:21,3
DA:23,1
LF:7
LH:7
end_of_record
TN:
SF:lib/app/modules/home/sub_views/view_categories/view_categories.dart
FNF:0
FNH:0
DA:15,1
DA:17,1
DA:18,1
DA:22,1
DA:23,1
DA:36,1
DA:38,2
DA:42,1
DA:44,1
DA:47,1
DA:49,1
DA:50,1
DA:52,1
DA:53,3
DA:54,1
DA:56,2
DA:59,1
DA:60,1
DA:61,2
DA:63,0
DA:64,0
DA:75,1
DA:77,1
DA:78,1
DA:79,1
DA:81,1
DA:82,1
DA:85,1
DA:86,1
DA:95,1
DA:97,1
DA:98,1
DA:99,1
DA:100,1
DA:101,1
DA:102,1
DA:103,1
DA:104,1
DA:106,3
DA:119,1
DA:124,1
DA:129,1
DA:134,1
DA:136,1
DA:139,1
DA:144,1
DA:150,1
DA:155,1
DA:158,1
DA:163,1
DA:164,1
DA:165,1
DA:166,1
DA:167,1
DA:168,1
DA:169,4
DA:170,2
DA:172,1
DA:176,1
DA:178,1
DA:180,2
DA:181,1
DA:186,1
DA:187,2
DA:191,2
DA:192,1
DA:197,1
DA:198,2
DA:205,2
DA:206,1
DA:211,1
DA:212,2
DA:216,2
DA:217,1
DA:222,1
DA:223,2
DA:227,2
DA:228,1
DA:233,1
DA:234,2
DA:238,2
DA:239,1
DA:244,1
DA:245,2
DA:251,1
DA:252,1
DA:255,1
DA:257,1
DA:258,2
DA:259,4
DA:260,3
DA:262,2
DA:263,1
DA:271,1
DA:272,1
DA:277,1
DA:278,2
DA:279,1
DA:281,2
DA:282,1
DA:284,2
DA:285,0
DA:287,2
DA:288,1
DA:290,2
DA:291,1
DA:294,1
DA:297,1
DA:299,3
DA:300,5
DA:301,4
LF:111
LH:108
end_of_record
TN:
SF:lib/app/modules/home/sub_views/view_categories/view_categories_details_panels.dart
FNF:0
FNH:0
DA:5,1
DA:9,1
DA:11,2
DA:12,6
DA:13,3
DA:14,3
DA:15,3
DA:17,10
DA:20,1
DA:21,2
DA:22,2
DA:25,2
DA:26,6
DA:29,1
DA:30,2
DA:31,2
DA:38,1
DA:39,2
DA:41,1
DA:42,4
DA:43,3
DA:45,1
DA:46,3
DA:47,1
DA:48,2
DA:49,2
DA:50,2
DA:51,2
DA:52,2
DA:53,2
DA:55,2
DA:56,1
DA:57,3
DA:62,1
LF:34
LH:34
end_of_record
TN:
SF:lib/app/modules/home/sub_views/view_header.dart
FNF:0
FNH:0
DA:10,1
DA:50,1
DA:52,1
DA:53,1
DA:54,1
DA:60,1
DA:62,1
DA:68,2
DA:72,2
DA:74,2
DA:75,4
DA:83,1
DA:84,1
DA:86,1
DA:87,1
DA:89,1
DA:90,1
DA:91,1
DA:92,1
DA:93,1
DA:94,1
DA:95,3
DA:100,1
DA:101,1
DA:102,1
DA:103,5
DA:110,2
DA:111,2
DA:114,1
DA:115,1
DA:117,1
DA:118,1
DA:123,1
DA:124,1
DA:125,1
DA:127,1
DA:136,1
DA:137,2
DA:140,1
DA:141,1
DA:142,1
DA:144,1
DA:146,1
DA:147,1
DA:148,1
DA:149,2
DA:156,1
DA:157,1
DA:158,1
DA:161,1
DA:166,1
DA:167,1
DA:168,1
DA:169,1
LF:54
LH:54
end_of_record
TN:
SF:lib/app/modules/home/sub_views/view_investments/view_investments.dart
FNF:0
FNH:0
DA:15,1
DA:17,1
DA:18,1
DA:22,1
DA:23,1
DA:27,1
DA:29,1
DA:31,1
DA:35,4
DA:36,1
DA:37,1
DA:38,1
DA:40,3
DA:43,1
DA:44,1
DA:49,1
DA:50,1
DA:52,0
DA:56,0
DA:57,0
DA:59,0
DA:61,0
DA:62,0
DA:76,1
DA:81,1
DA:86,1
DA:91,1
DA:93,1
DA:96,1
DA:101,1
DA:107,1
DA:112,1
DA:115,1
DA:120,1
DA:121,1
DA:122,1
DA:123,1
DA:124,3
DA:126,1
DA:127,1
LF:40
LH:34
end_of_record
TN:
SF:lib/app/modules/home/sub_views/view_investments/view_investments_details_panels.dart
FNF:0
FNH:0
DA:5,1
DA:11,1
DA:12,5
DA:14,1
DA:15,1
DA:19,2
DA:20,2
DA:21,1
DA:22,1
DA:23,3
DA:29,1
DA:35,1
DA:36,3
DA:38,2
DA:40,0
DA:43,1
DA:44,3
DA:47,3
DA:54,1
DA:55,2
DA:58,0
DA:62,1
DA:63,1
DA:64,1
DA:65,1
DA:66,2
DA:68,2
DA:69,2
DA:72,3
DA:73,1
DA:75,1
DA:76,1
DA:77,2
DA:79,3
DA:80,1
DA:81,3
DA:82,1
DA:83,2
DA:84,2
DA:85,2
DA:86,2
DA:87,2
DA:88,2
DA:90,1
LF:44
LH:42
end_of_record
TN:
SF:lib/app/modules/home/sub_views/view_payees/merge_payees.dart
FNF:0
FNH:0
DA:16,1
DA:21,9
DA:23,1
DA:25,2
DA:27,1
DA:29,1
DA:35,1
DA:44,1
DA:45,1
DA:54,1
DA:56,1
DA:57,1
DA:60,1
DA:62,1
DA:63,1
DA:65,1
DA:66,6
DA:70,1
DA:71,1
DA:73,1
DA:75,1
DA:76,1
DA:77,1
DA:78,2
DA:79,0
DA:80,0
DA:81,0
DA:82,0
DA:90,1
DA:91,1
DA:93,1
DA:94,1
DA:95,1
DA:97,2
DA:99,1
DA:100,0
DA:102,0
DA:103,0
DA:104,0
DA:105,0
DA:106,0
DA:108,0
DA:118,0
DA:119,0
DA:120,0
DA:121,0
DA:122,0
DA:123,0
DA:129,1
DA:130,3
DA:134,0
DA:135,0
DA:136,0
DA:138,0
DA:139,0
DA:140,0
DA:142,0
DA:143,0
DA:144,0
DA:145,0
DA:146,0
DA:148,0
DA:149,0
DA:150,0
DA:151,0
DA:155,0
DA:157,0
DA:158,0
DA:160,0
DA:162,0
DA:163,0
DA:164,0
DA:166,0
DA:167,0
DA:168,0
DA:169,0
DA:170,0
DA:171,0
DA:172,0
DA:188,0
DA:189,0
DA:191,0
DA:192,0
DA:194,0
DA:195,0
DA:196,0
DA:197,0
DA:206,0
DA:208,0
DA:209,0
DA:217,0
DA:224,0
DA:226,0
DA:228,0
DA:229,0
DA:231,0
DA:233,0
DA:236,0
DA:242,0
DA:243,0
LF:100
LH:33
end_of_record
TN:
SF:lib/app/modules/home/sub_views/view_payees/picker_payee.dart
FNF:0
FNH:0
DA:7,1
DA:11,8
DA:12,3
DA:14,2
DA:16,1
DA:20,0
DA:21,0
DA:23,0
DA:26,0
DA:27,0
DA:28,0
LF:11
LH:5
end_of_record
TN:
SF:lib/app/modules/home/sub_views/view_payees/picker_payee_or_transfer.dart
FNF:0
FNH:0
DA:16,1
DA:31,1
DA:32,1
DA:38,1
DA:40,1
DA:41,3
DA:44,1
DA:46,1
DA:49,1
DA:50,1
DA:51,2
DA:52,1
DA:53,1
DA:54,1
DA:60,1
DA:61,1
DA:62,1
DA:63,1
DA:64,1
DA:67,1
DA:68,1
DA:72,2
DA:73,1
DA:74,2
DA:75,2
DA:81,1
DA:82,2
DA:83,1
DA:84,1
DA:85,1
DA:86,1
DA:87,2
DA:88,0
DA:89,0
DA:93,2
DA:94,1
DA:95,0
DA:96,0
DA:97,0
DA:98,0
DA:99,0
DA:107,1
DA:108,3
DA:109,1
DA:110,2
DA:111,0
DA:112,0
DA:119,1
DA:120,1
DA:122,1
DA:123,3
DA:124,1
DA:125,1
LF:53
LH:44
end_of_record
TN:
SF:lib/app/modules/home/sub_views/view_payees/view_payees.dart
FNF:0
FNH:0
DA:21,1
DA:23,1
DA:24,1
DA:28,1
DA:29,1
DA:33,1
DA:35,1
DA:38,1
DA:40,1
DA:41,1
DA:42,1
DA:45,2
DA:52,1
DA:53,1
DA:54,1
DA:55,1
DA:56,1
DA:57,1
DA:59,0
DA:60,0
DA:63,0
DA:75,1
DA:80,1
DA:85,1
DA:90,1
DA:92,1
DA:95,1
DA:100,1
DA:106,1
DA:111,1
DA:114,0
DA:116,0
DA:117,0
DA:118,0
DA:119,0
DA:122,0
DA:125,1
DA:127,1
DA:128,1
DA:129,1
DA:130,1
DA:131,3
DA:133,1
LF:43
LH:34
end_of_record
TN:
SF:lib/app/modules/home/sub_views/view_payees/view_payees_details_panels.dart
FNF:0
FNH:0
DA:5,1
DA:9,1
DA:10,0
DA:11,0
DA:12,0
DA:13,0
DA:17,0
DA:18,0
DA:21,0
DA:22,0
DA:23,0
DA:29,1
DA:30,9
DA:33,1
DA:37,1
DA:38,2
DA:39,3
DA:43,1
DA:44,2
DA:45,3
DA:49,2
DA:50,2
DA:51,4
DA:52,3
DA:54,1
DA:55,1
DA:57,1
DA:59,1
DA:60,1
DA:62,1
DA:65,1
DA:66,2
DA:67,1
DA:68,2
DA:71,1
DA:75,1
DA:76,1
DA:78,1
DA:79,1
DA:80,1
DA:81,1
DA:82,1
DA:83,1
DA:87,1
DA:93,1
DA:94,2
DA:102,1
DA:103,1
DA:104,1
DA:105,1
DA:117,1
DA:118,2
DA:119,4
DA:120,3
DA:121,1
DA:122,3
DA:123,1
DA:124,2
DA:125,2
DA:126,2
DA:127,2
DA:128,2
DA:130,2
DA:131,6
DA:136,0
LF:65
LH:55
end_of_record
TN:
SF:lib/app/modules/home/sub_views/view_rentals/rental_pnl.dart
FNF:0
FNH:0
DA:4,1
DA:15,2
DA:29,1
DA:31,3
DA:32,3
DA:33,3
DA:34,3
DA:35,3
DA:36,3
DA:37,3
DA:38,2
DA:40,2
DA:45,1
DA:48,2
DA:49,0
DA:50,0
DA:56,10
DA:58,4
DA:60,1
DA:61,2
DA:62,3
DA:63,1
LF:22
LH:20
end_of_record
TN:
SF:lib/app/modules/home/sub_views/view_rentals/rental_pnl_card.dart
FNF:0
FNH:0
DA:10,1
DA:19,1
DA:21,1
DA:22,1
DA:23,1
DA:24,1
DA:25,1
DA:26,1
DA:27,1
DA:28,2
DA:32,1
DA:34,1
DA:35,3
DA:42,1
DA:44,2
DA:45,2
DA:47,1
DA:48,1
DA:50,2
DA:51,2
DA:53,1
DA:54,1
DA:56,2
DA:57,2
DA:60,1
DA:62,2
DA:63,2
DA:66,1
DA:68,2
DA:69,2
DA:72,1
DA:74,2
DA:75,2
DA:78,1
DA:80,2
DA:81,2
DA:84,1
DA:85,1
DA:87,2
DA:88,2
DA:90,1
DA:91,1
DA:96,1
DA:99,1
DA:101,3
DA:102,0
DA:103,0
DA:104,0
DA:105,0
DA:106,0
DA:107,0
DA:114,1
LF:52
LH:46
end_of_record
TN:
SF:lib/app/modules/home/sub_views/view_rentals/view_rentals.dart
FNF:0
FNH:0
DA:19,1
DA:21,1
DA:22,1
DA:26,1
DA:27,1
DA:32,1
DA:37,1
DA:42,1
DA:47,1
DA:49,1
DA:52,1
DA:57,1
DA:63,1
DA:68,1
DA:73,1
DA:74,1
DA:75,1
DA:79,1
DA:80,1
DA:81,1
DA:84,2
DA:91,1
DA:96,1
DA:99,0
DA:101,0
DA:104,1
DA:109,4
DA:114,0
DA:115,0
DA:116,0
DA:117,0
DA:120,0
DA:123,1
DA:124,1
DA:125,1
DA:126,1
DA:127,1
DA:128,5
DA:130,1
DA:132,1
DA:135,1
DA:136,1
DA:137,1
DA:138,1
DA:139,1
DA:141,1
DA:142,3
DA:143,1
DA:144,1
DA:145,3
DA:147,1
DA:148,3
DA:152,2
DA:153,3
DA:156,1
LF:55
LH:48
end_of_record
TN:
SF:lib/app/modules/home/sub_views/view_rentals/view_rentals_details_panels.dart
FNF:0
FNH:0
DA:5,1
DA:9,1
DA:10,0
DA:11,0
DA:12,0
DA:14,0
DA:21,1
DA:24,1
DA:26,2
DA:27,0
DA:28,0
DA:29,0
DA:30,0
DA:34,1
DA:35,1
DA:36,1
DA:41,1
DA:44,1
DA:52,0
DA:53,0
DA:54,0
DA:58,1
DA:59,1
DA:60,1
DA:61,2
DA:63,1
DA:67,0
DA:71,1
DA:72,3
DA:73,3
DA:74,1
DA:75,1
DA:76,2
DA:77,2
DA:78,2
DA:79,2
DA:80,2
DA:81,2
DA:83,2
DA:88,1
DA:92,2
DA:94,1
DA:95,2
DA:96,3
DA:103,1
DA:106,1
DA:110,5
DA:112,2
DA:113,2
DA:114,2
DA:115,2
DA:116,2
DA:117,2
LF:53
LH:41
end_of_record
TN:
SF:lib/app/modules/home/sub_views/view_stocks/picker_security_type.dart
FNF:0
FNH:0
DA:9,1
DA:13,1
DA:15,1
DA:18,1
DA:19,1
DA:20,1
DA:21,1
LF:7
LH:7
end_of_record
TN:
SF:lib/app/modules/home/sub_views/view_stocks/stock_chart.dart
FNF:0
FNH:0
DA:23,2
DA:37,2
DA:38,0
DA:39,4
DA:41,0
DA:43,0
DA:47,3
DA:60,2
DA:61,2
DA:68,12
DA:72,2
DA:74,2
DA:75,2
DA:78,2
DA:80,2
DA:81,4
DA:84,3
DA:85,0
DA:86,1
DA:87,1
DA:88,1
DA:89,1
DA:93,2
DA:94,0
DA:95,0
DA:104,0
DA:105,0
DA:106,0
DA:107,0
DA:108,0
DA:114,2
DA:115,8
DA:116,0
DA:117,0
DA:118,0
DA:120,0
DA:121,0
DA:122,0
DA:123,0
DA:127,2
DA:128,4
DA:129,2
DA:130,4
DA:136,0
DA:137,0
DA:138,0
DA:139,0
DA:141,0
DA:142,0
DA:143,0
DA:150,0
DA:155,0
DA:157,0
DA:159,0
DA:165,0
DA:167,0
DA:169,0
DA:171,0
DA:173,0
DA:175,0
DA:176,0
DA:177,0
DA:178,0
DA:184,0
DA:186,0
DA:188,0
DA:189,0
DA:190,0
DA:191,0
DA:197,0
DA:199,0
DA:201,0
DA:202,0
DA:203,0
DA:204,0
DA:208,0
DA:211,0
DA:213,0
DA:219,0
DA:220,0
DA:221,0
DA:223,0
DA:224,0
DA:225,0
DA:226,0
DA:228,0
DA:229,0
DA:231,0
DA:232,0
DA:236,0
DA:238,0
DA:240,0
DA:243,0
DA:244,0
DA:245,0
DA:247,0
DA:248,0
DA:251,0
DA:252,0
DA:253,0
DA:255,0
DA:258,0
DA:259,0
DA:261,0
DA:264,0
DA:267,0
DA:268,0
DA:278,0
DA:281,0
DA:283,0
DA:284,0
DA:285,0
DA:288,0
DA:290,0
DA:292,0
DA:294,0
DA:295,0
DA:296,0
DA:297,0
DA:299,0
DA:301,0
DA:302,0
DA:303,0
DA:304,0
DA:307,0
DA:308,0
DA:310,0
DA:314,0
DA:315,0
DA:318,0
DA:324,0
DA:325,0
DA:328,0
DA:331,0
DA:338,0
DA:341,0
DA:344,0
DA:346,0
DA:347,0
DA:350,0
DA:352,0
DA:354,0
DA:355,0
DA:357,0
DA:359,0
DA:361,0
DA:362,0
DA:363,0
DA:364,0
DA:365,0
DA:367,0
DA:368,0
DA:370,0
DA:380,0
DA:386,2
DA:387,6
DA:388,2
DA:393,4
DA:395,1
DA:402,1
DA:403,2
DA:405,2
DA:408,1
DA:416,1
DA:417,1
DA:419,1
DA:429,1
DA:434,2
DA:438,0
DA:448,0
DA:450,0
DA:451,0
DA:455,0
DA:457,0
DA:458,0
DA:460,0
DA:461,0
DA:463,0
DA:465,0
DA:466,0
DA:468,0
DA:472,0
DA:479,1
DA:491,1
DA:493,1
DA:494,1
DA:496,3
DA:497,1
DA:499,2
DA:502,4
DA:503,9
DA:505,4
DA:508,4
DA:509,0
DA:511,3
DA:512,2
DA:513,3
DA:516,1
DA:519,2
DA:520,1
DA:524,1
DA:528,0
DA:537,0
DA:545,0
DA:546,0
DA:547,0
DA:548,0
DA:550,0
DA:555,0
DA:565,0
DA:567,0
DA:568,0
DA:572,0
DA:574,0
DA:575,0
DA:577,0
DA:578,0
DA:580,0
DA:582,0
DA:583,0
DA:585,0
DA:589,0
LF:222
LH:57
end_of_record
TN:
SF:lib/app/modules/home/sub_views/view_stocks/view_stocks.dart
FNF:0
FNH:0
DA:16,1
DA:20,1
DA:21,1
DA:25,1
DA:26,1
DA:36,1
DA:38,1
DA:47,2
DA:48,4
DA:49,1
DA:51,3
DA:52,1
DA:54,1
DA:58,2
DA:59,2
DA:60,1
DA:64,1
DA:68,2
DA:69,1
DA:73,1
DA:77,2
DA:78,1
DA:82,1
DA:85,2
DA:89,1
DA:91,1
DA:93,3
DA:95,0
DA:96,0
DA:97,0
DA:98,0
DA:99,0
DA:105,1
DA:108,1
DA:109,1
DA:110,1
DA:112,3
DA:121,1
DA:126,1
DA:131,1
DA:136,1
DA:138,1
DA:141,1
DA:146,1
DA:148,2
DA:149,1
DA:151,1
DA:152,2
DA:153,2
DA:154,1
DA:155,1
DA:156,3
DA:157,3
DA:158,1
DA:160,3
DA:166,1
DA:167,1
DA:168,2
DA:170,3
DA:171,1
DA:179,1
DA:184,1
DA:189,1
DA:190,1
DA:191,1
DA:195,1
DA:196,1
DA:197,1
DA:200,2
DA:201,2
DA:208,1
DA:213,2
DA:215,1
DA:219,2
DA:221,3
DA:222,3
DA:224,4
DA:226,1
DA:233,1
DA:236,4
DA:237,1
DA:240,1
DA:244,0
DA:245,0
DA:246,0
DA:249,0
DA:252,0
DA:256,0
DA:257,0
DA:258,0
DA:261,0
DA:262,0
DA:264,0
DA:274,0
DA:276,0
DA:279,1
DA:284,4
DA:287,5
DA:293,1
DA:294,2
DA:295,1
DA:299,1
DA:300,2
DA:302,0
DA:304,2
DA:306,0
DA:308,2
DA:314,1
DA:315,2
DA:317,1
DA:320,2
DA:321,1
DA:322,2
DA:323,0
DA:324,0
DA:325,0
DA:327,0
DA:328,0
DA:329,0
DA:333,0
DA:334,0
DA:337,2
DA:341,1
DA:342,1
DA:344,1
DA:347,1
DA:348,1
DA:349,1
DA:350,1
DA:351,1
DA:352,1
DA:354,1
DA:355,5
DA:356,4
DA:358,4
DA:362,0
DA:363,0
DA:369,1
DA:370,1
DA:375,1
DA:376,1
DA:377,1
DA:378,1
DA:379,1
DA:380,1
DA:381,1
DA:382,1
DA:384,2
DA:385,1
DA:386,3
DA:388,1
DA:392,1
DA:393,1
DA:396,1
DA:398,0
DA:400,0
DA:401,0
DA:402,0
DA:404,0
DA:405,0
DA:413,1
DA:414,1
LF:162
LH:126
end_of_record
TN:
SF:lib/app/modules/home/sub_views/view_transactions/dialog_mutate_transaction.dart
FNF:0
FNH:0
DA:8,1
DA:12,1
DA:14,1
DA:15,1
DA:22,1
DA:29,1
DA:30,1
DA:39,1
DA:41,1
DA:42,3
DA:45,1
DA:47,1
DA:48,1
DA:50,1
DA:51,1
DA:52,1
DA:53,1
DA:55,2
DA:56,1
DA:57,0
DA:58,0
DA:59,0
DA:67,1
DA:68,1
DA:70,1
DA:71,1
DA:72,1
DA:80,1
DA:87,1
DA:88,1
DA:90,1
DA:93,0
DA:98,2
DA:105,1
DA:107,1
DA:109,0
DA:110,0
DA:114,1
DA:117,1
DA:118,1
DA:122,1
DA:123,1
DA:126,0
DA:127,0
DA:128,0
DA:134,1
DA:137,1
DA:138,4
DA:139,3
DA:140,4
DA:141,4
DA:142,4
DA:143,2
DA:144,4
DA:145,4
DA:147,2
DA:149,4
DA:150,1
DA:155,1
DA:158,0
DA:159,0
DA:160,0
DA:161,0
DA:168,0
DA:169,0
DA:170,0
DA:171,0
DA:174,0
LF:68
LH:50
end_of_record
TN:
SF:lib/app/modules/home/sub_views/view_transactions/view_transactions.dart
FNF:0
FNH:0
DA:29,1
DA:36,1
DA:37,1
DA:41,1
DA:42,1
DA:43,1
DA:53,1
DA:55,1
DA:57,1
DA:58,1
DA:61,1
DA:62,1
DA:63,1
DA:65,3
DA:68,1
DA:69,1
DA:71,0
DA:72,0
DA:75,0
DA:77,0
DA:78,0
DA:86,1
DA:87,1
DA:89,0
DA:90,0
DA:93,0
DA:95,0
DA:96,0
DA:103,1
DA:106,0
DA:107,0
DA:109,0
DA:121,1
DA:126,1
DA:131,1
DA:136,1
DA:138,1
DA:141,1
DA:146,1
DA:148,1
DA:149,3
DA:150,2
DA:153,3
DA:156,3
DA:157,3
DA:159,2
DA:161,5
DA:164,1
DA:166,2
DA:167,1
DA:172,1
DA:173,2
DA:174,2
DA:177,5
DA:179,1
DA:186,1
DA:191,1
DA:197,1
DA:199,1
DA:200,3
DA:201,1
DA:202,1
DA:203,1
DA:204,1
DA:205,1
DA:206,6
DA:208,1
DA:213,1
DA:214,0
DA:216,4
DA:218,0
DA:220,0
DA:231,1
DA:236,1
DA:237,1
DA:238,1
DA:239,1
DA:240,1
DA:241,3
DA:243,1
DA:245,1
DA:246,1
DA:247,6
DA:252,2
DA:253,4
DA:254,1
DA:257,1
DA:262,1
DA:264,1
DA:266,2
DA:267,1
DA:271,1
DA:272,1
DA:273,1
DA:274,1
DA:275,1
DA:276,5
DA:278,1
DA:282,2
DA:283,1
DA:287,1
DA:288,1
DA:289,1
DA:290,1
DA:291,1
DA:292,5
DA:294,1
DA:298,2
DA:299,1
DA:303,5
DA:308,1
DA:309,2
DA:314,0
DA:315,0
DA:319,0
DA:320,0
DA:325,0
DA:326,0
DA:329,0
DA:331,0
DA:332,0
DA:333,0
DA:334,0
DA:336,0
DA:344,0
DA:345,0
LF:126
LH:96
end_of_record
TN:
SF:lib/app/modules/home/sub_views/view_transfers/transfer_sender_receiver.dart
FNF:0
FNH:0
DA:6,0
DA:13,0
DA:15,0
DA:16,0
DA:17,0
DA:21,0
DA:22,0
DA:23,0
DA:25,0
DA:28,0
DA:29,0
DA:31,0
LF:12
LH:0
end_of_record
TN:
SF:lib/app/modules/home/sub_views/view_transfers/view_transfers.dart
FNF:0
FNH:0
DA:10,1
DA:14,1
DA:15,1
DA:19,1
DA:20,1
DA:23,1
DA:28,0
DA:33,1
DA:38,1
DA:40,1
DA:43,1
DA:48,1
DA:49,0
DA:50,0
DA:52,0
DA:58,1
DA:63,1
DA:66,1
DA:67,1
DA:68,1
DA:69,1
DA:70,5
DA:72,1
DA:75,2
DA:77,4
DA:78,5
DA:79,1
DA:89,2
DA:91,4
DA:92,5
DA:94,0
DA:95,0
DA:97,0
DA:98,0
DA:100,0
DA:111,4
DA:117,1
DA:123,1
DA:124,1
DA:129,1
DA:130,0
DA:136,1
DA:143,1
LF:43
LH:33
end_of_record
TN:
SF:lib/app/modules/pending_changes/badge_pending_changes.dart
FNF:0
FNH:0
DA:10,1
DA:21,1
DA:23,6
DA:28,1
DA:29,1
DA:30,1
DA:31,1
DA:34,1
DA:35,1
DA:39,1
DA:40,1
DA:42,1
DA:47,1
DA:52,1
DA:54,1
DA:55,2
DA:61,1
DA:62,1
DA:63,4
DA:64,5
DA:65,1
DA:66,1
DA:68,4
DA:69,1
DA:74,5
DA:75,1
DA:76,1
DA:78,4
DA:79,1
DA:84,5
DA:85,1
DA:86,1
DA:88,4
DA:89,1
DA:94,1
DA:100,1
DA:101,5
DA:102,10
LF:38
LH:38
end_of_record
TN:
SF:lib/app/modules/pending_changes/pending_changes_dialog.dart
FNF:0
FNH:0
DA:12,1
DA:14,1
DA:15,1
DA:17,1
DA:18,1
DA:27,1
DA:28,1
DA:30,0
DA:31,0
DA:32,0
DA:35,1
DA:37,1
DA:38,2
DA:39,2
DA:69,1
DA:71,1
DA:72,1
DA:75,1
DA:77,1
DA:80,3
DA:81,1
DA:84,1
DA:85,1
DA:86,1
DA:87,1
DA:88,1
DA:89,1
DA:90,1
DA:96,1
DA:97,1
DA:98,1
DA:99,1
DA:100,3
DA:101,3
DA:102,3
DA:104,1
DA:105,1
DA:106,2
DA:107,1
DA:114,1
DA:115,4
DA:116,0
DA:119,3
DA:121,1
DA:122,2
DA:123,1
DA:124,2
DA:126,1
DA:132,1
DA:133,1
DA:135,1
DA:137,4
DA:142,1
DA:143,1
DA:145,4
DA:146,2
DA:147,1
DA:149,1
DA:150,1
DA:151,1
DA:152,3
DA:154,1
DA:155,2
DA:156,2
DA:157,1
DA:158,2
DA:159,1
DA:166,1
DA:169,1
DA:172,1
DA:173,2
DA:174,1
DA:176,2
DA:177,1
DA:180,3
DA:181,4
DA:182,1
DA:191,1
DA:204,1
DA:205,2
DA:206,0
DA:208,4
DA:211,1
DA:212,1
DA:213,4
DA:215,2
DA:216,4
LF:87
LH:82
end_of_record
TN:
SF:lib/app/modules/policies/policy_page.dart
FNF:0
FNH:0
DA:8,1
DA:10,1
DA:12,1
DA:13,1
DA:17,1
DA:18,2
LF:6
LH:6
end_of_record
TN:
SF:lib/app/modules/policies/policy_routes.dart
FNF:0
FNH:0
DA:6,0
DA:8,3
DA:9,1
DA:11,1
LF:4
LH:3
end_of_record
TN:
SF:lib/app/modules/policies/view_policy.dart
FNF:0
FNH:0
DA:6,2
DA:10,1
DA:12,1
DA:13,1
DA:15,1
DA:16,1
DA:23,1
LF:7
LH:7
end_of_record
TN:
SF:lib/app/modules/settings/settings_page.dart
FNF:0
FNH:0
DA:15,1
DA:17,1
DA:19,1
DA:21,1
DA:25,1
DA:26,1
DA:27,1
DA:28,1
DA:29,1
DA:34,2
DA:35,1
DA:36,4
DA:42,1
DA:43,1
DA:45,4
DA:47,1
DA:48,1
DA:51,1
DA:52,1
DA:60,1
DA:61,1
DA:63,4
DA:64,1
DA:65,1
DA:66,1
DA:67,2
DA:68,3
DA:73,1
DA:74,1
DA:75,1
DA:77,1
DA:78,3
DA:79,3
DA:82,1
DA:84,1
DA:85,4
DA:86,3
DA:95,1
LF:38
LH:38
end_of_record
TN:
SF:lib/app/modules/settings/settings_routes.dart
FNF:0
FNH:0
DA:6,0
DA:8,3
DA:9,1
DA:11,1
LF:4
LH:3
end_of_record
TN:
SF:lib/app/modules/splash_screen.dart
FNF:0
FNH:0
DA:6,2
DA:8,1
DA:10,1
DA:11,1
DA:12,1
DA:14,1
DA:15,1
DA:17,1
LF:8
LH:8
end_of_record
TN:
SF:lib/app/modules/welcome/view_welcome.dart
FNF:0
FNH:0
DA:9,1
DA:13,1
DA:15,1
DA:16,1
DA:18,1
DA:20,1
DA:25,1
DA:26,1
DA:27,1
DA:28,2
DA:29,2
DA:33,1
DA:34,0
DA:35,0
DA:37,0
DA:43,1
DA:44,1
DA:45,2
DA:46,2
DA:47,3
DA:48,2
DA:55,1
DA:58,1
DA:59,1
DA:61,1
DA:62,1
DA:63,1
DA:64,1
DA:65,2
DA:69,1
DA:70,1
DA:71,1
DA:72,1
DA:80,1
LF:34
LH:31
end_of_record
TN:
SF:lib/app/modules/welcome/welcome_binding.dart
FNF:0
FNH:0
DA:6,1
DA:8,2
DA:9,0
LF:3
LH:2
end_of_record
TN:
SF:lib/app/modules/welcome/welcome_page.dart
FNF:0
FNH:0
DA:10,2
DA:12,1
DA:14,1
DA:16,1
LF:4
LH:4
end_of_record
TN:
SF:lib/app/modules/welcome/welcome_routes.dart
FNF:0
FNH:0
DA:8,0
DA:10,3
DA:11,1
DA:13,1
DA:14,1
LF:5
LH:4
end_of_record
TN:
SF:lib/main.dart
FNF:0
FNH:0
DA:18,1
DA:19,2
DA:25,1
DA:38,1
DA:43,4
DA:44,4
DA:45,4
DA:47,1
DA:48,1
DA:49,2
DA:51,1
DA:52,1
DA:54,2
DA:55,2
DA:56,3
DA:58,1
DA:60,1
DA:61,1
DA:63,1
DA:64,2
DA:65,2
DA:71,1
DA:72,1
DA:73,1
DA:74,1
LF:25
LH:25
end_of_record
